This is pdfeTeX, Version 3.141592-1.30.5-2.2 (Web2C 7.5.5) (format=latex 2008.3.22)  14 APR 2008 09:28
entering extended mode
**alg.ins
(./alg.ins
LaTeX2e <2003/12/01>
Babel <v3.8d> and hyphenation patterns for american, french, german, ngerman, b
ahasa, basque, bulgarian, catalan, croatian, czech, danish, dutch, esperanto, e
stonian, finnish, greek, icelandic, irish, italian, latin, magyar, norsk, polis
h, portuges, romanian, russian, serbian, slovak, slovene, spanish, swedish, tur
kish, ukrainian, nohyphenation, loaded.
(/usr/share/texmf/tex/latex/base/docstrip.tex
\blockLevel=\count79
\emptyLines=\count80
\processedLines=\count81
\commentsRemoved=\count82
\commentsPassed=\count83
\codeLinesPassed=\count84
\TotalprocessedLines=\count85
\TotalcommentsRemoved=\count86
\TotalcommentsPassed=\count87
\TotalcodeLinesPassed=\count88
\NumberOfFiles=\count89
\inFile=\read1
\inputcheck=\read2
\off@0=\count90
\off@1=\count91
\off@2=\count92
\off@3=\count93
\off@4=\count94
\off@5=\count95
\off@6=\count96
\off@7=\count97
\off@8=\count98
\off@9=\count99
\off@10=\count100
\off@11=\count101
\off@12=\count102
\off@13=\count103
\off@14=\count104
\off@15=\count105
\@maxfiles=\count106
\@maxoutfiles=\count107

Utility: `docstrip' 2.5c <2003/09/18>
English documentation    <1999/03/31>

**********************************************************
* This program converts documented macro-files into fast *
* loadable files by stripping off (nearly) all comments! *
**********************************************************

********************************************************
* No Configuration file found, using default settings. *
********************************************************

(./alg.ins

Generating file(s) ./alg.sty 
\openout0 = `./alg.sty'.


Processing file alg.dtx (package) -> alg.sty
. % % % % % % % <package . > <package . > <package . > % <*driver . . . . . .
. . . . . . > % % % % % % % % % % % % % % % % % % % % % % % % % % % % % % % %
% % % % % % % % % % % % % % % % % % % % % % % % % % % % % % % % % % % % % % %
% % % % % % % % % % % % % % % % % % % % % % % % % % % % % % % % % % % % % % %
% % % % % % % % % % % % % % % % % % % % % % % % % % % % % % % % % % % % % % %
% % % % % % % % % % % <*package % % % % . % % % % % % % . . . . . . . . . . %
% % % % . . . . . . . . . . . . . . . . . . . . . . % % % % % . . . . . . . .
. % % % % % % . % % % % % % % % % . . . . . . . . . % % % % % % . . . . . % %
% % % % % % % . . . . . % % % % % % % % % % % % % . . . . . . . . . . . . . .
. % % % % % % % . . . % % % % % % % . . . % % % % % % % % % . . . % % % % % %
% . . % % % % % % . . % % % % % . . % % % % % % % . . % % % % % % . . . . . %
% % % % % % . . . % % % % % % . . . . % % % % % . . . . . % % % % % . . . . .
. . . . . . . . . . . . . . . . . . . . . . . . . % % % > % % %
Lines  processed: 478
Comments removed: 315
Comments  passed: 2
Codelines passed: 154

************************************************************
The file alg.sty has been created. You can now run LaTeX2e 
twice on the file alg.dtx to produce the documentation. 
************************************************************
) ) ) 
Here is how much of TeX's memory you used:
 313 strings out of 49433
 3073 string characters out of 425589
 51949 words of memory out of 1100000
 3614 multiletter control sequences out of 10000+15000
 3640 words of font info for 14 fonts, out of 400000 for 2000
 580 hyphenation exceptions out of 1000
 16i,0n,18p,177b,122s stack positions out of 1500i,500n,1500p,200000b,5000s

No pages of output.
