This file contains any messages produced by compilers while
running configure, to aid debugging if configure makes a mistake.

It was created by 8puzzle configure 1.6.0, which was
generated by GNU Autoconf 2.61.  Invocation command line was

  $ ./configure 

## --------- ##
## Platform. ##
## --------- ##

hostname = blackcube
uname -m = x86_64
uname -r = 3.12-1-amd64
uname -s = Linux
uname -v = #1 SMP Debian 3.12.6-2 (2013-12-29)

/usr/bin/uname -p = unknown
/bin/uname -X     = unknown

/bin/arch              = unknown
/usr/bin/arch -k       = unknown
/usr/convex/getsysinfo = unknown
/usr/bin/hostinfo      = unknown
/bin/machine           = unknown
/usr/bin/oslevel       = unknown
/bin/universe          = unknown

PATH: /usr/local/bin
PATH: /usr/bin
PATH: /bin
PATH: /usr/local/games
PATH: /usr/games


## ----------- ##
## Core tests. ##
## ----------- ##

configure:1771: checking for a BSD-compatible install
configure:1827: result: /usr/bin/install -c
configure:1838: checking whether build environment is sane
configure:1881: result: yes
configure:1909: checking for a thread-safe mkdir -p
configure:1948: result: /bin/mkdir -p
configure:1961: checking for gawk
configure:1977: found /usr/bin/gawk
configure:1988: result: gawk
configure:1999: checking whether make sets $(MAKE)
configure:2020: result: yes
configure:2257: checking for gcc
configure:2273: found /usr/bin/gcc
configure:2284: result: gcc
configure:2522: checking for C compiler version
configure:2529: gcc --version >&5
gcc (Debian 4.8.2-14) 4.8.2
Copyright (C) 2013 Free Software Foundation, Inc.
This is free software; see the source for copying conditions.  There is NO
warranty; not even for MERCHANTABILITY or FITNESS FOR A PARTICULAR PURPOSE.

configure:2532: $? = 0
configure:2539: gcc -v >&5
Using built-in specs.
COLLECT_GCC=gcc
COLLECT_LTO_WRAPPER=/usr/lib/gcc/x86_64-linux-gnu/4.8/lto-wrapper
Target: x86_64-linux-gnu
Configured with: ../src/configure -v --with-pkgversion='Debian 4.8.2-14' --with-bugurl=file:///usr/share/doc/gcc-4.8/README.Bugs --enable-languages=c,c++,java,go,d,fortran,objc,obj-c++ --prefix=/usr --program-suffix=-4.8 --enable-shared --enable-linker-build-id --libexecdir=/usr/lib --without-included-gettext --enable-threads=posix --with-gxx-include-dir=/usr/include/c++/4.8 --libdir=/usr/lib --enable-nls --with-sysroot=/ --enable-clocale=gnu --enable-libstdcxx-debug --enable-libstdcxx-time=yes --enable-gnu-unique-object --disable-libmudflap --enable-plugin --with-system-zlib --disable-browser-plugin --enable-java-awt=gtk --enable-gtk-cairo --with-java-home=/usr/lib/jvm/java-1.5.0-gcj-4.8-amd64/jre --enable-java-home --with-jvm-root-dir=/usr/lib/jvm/java-1.5.0-gcj-4.8-amd64 --with-jvm-jar-dir=/usr/lib/jvm-exports/java-1.5.0-gcj-4.8-amd64 --with-arch-directory=amd64 --with-ecj-jar=/usr/share/java/eclipse-ecj.jar --enable-objc-gc --enable-multiarch --with-arch-32=i586 --with-abi=m64 --with-multilib-list=m32,m64,mx32 --with-tune=generic --enable-checking=release --build=x86_64-linux-gnu --host=x86_64-linux-gnu --target=x86_64-linux-gnu
Thread model: posix
gcc version 4.8.2 (Debian 4.8.2-14) 
configure:2542: $? = 0
configure:2549: gcc -V >&5
gcc: error: unrecognized command line option '-V'
gcc: fatal error: no input files
compilation terminated.
configure:2552: $? = 4
configure:2575: checking for C compiler default output file name
configure:2602: gcc    conftest.c  >&5
configure:2605: $? = 0
configure:2643: result: a.out
configure:2660: checking whether the C compiler works
configure:2670: ./a.out
configure:2673: $? = 0
configure:2690: result: yes
configure:2697: checking whether we are cross compiling
configure:2699: result: no
configure:2702: checking for suffix of executables
configure:2709: gcc -o conftest    conftest.c  >&5
configure:2712: $? = 0
configure:2736: result: 
configure:2742: checking for suffix of object files
configure:2768: gcc -c   conftest.c >&5
configure:2771: $? = 0
configure:2794: result: o
configure:2798: checking whether we are using the GNU C compiler
configure:2827: gcc -c   conftest.c >&5
configure:2833: $? = 0
configure:2850: result: yes
configure:2855: checking whether gcc accepts -g
configure:2885: gcc -c -g  conftest.c >&5
configure:2891: $? = 0
configure:2990: result: yes
configure:3007: checking for gcc option to accept ISO C89
configure:3081: gcc  -c -g -O2  conftest.c >&5
configure:3087: $? = 0
configure:3110: result: none needed
configure:3139: checking for style of include used by make
configure:3167: result: GNU
configure:3192: checking dependency style of gcc
configure:3283: result: gcc3
configure:3305: checking how to run the C preprocessor
configure:3345: gcc -E  conftest.c
configure:3351: $? = 0
configure:3382: gcc -E  conftest.c
conftest.c:10:28: fatal error: ac_nonexistent.h: No such file or directory
 #include <ac_nonexistent.h>
                            ^
compilation terminated.
configure:3388: $? = 1
configure: failed program was:
| /* confdefs.h.  */
| #define PACKAGE_NAME "8puzzle"
| #define PACKAGE_TARNAME "8puzzle"
| #define PACKAGE_VERSION "1.6.0"
| #define PACKAGE_STRING "8puzzle 1.6.0"
| #define PACKAGE_BUGREPORT ""
| #define PACKAGE "8puzzle"
| #define VERSION "1.6.0"
| /* end confdefs.h.  */
| #include <ac_nonexistent.h>
configure:3421: result: gcc -E
configure:3450: gcc -E  conftest.c
configure:3456: $? = 0
configure:3487: gcc -E  conftest.c
conftest.c:10:28: fatal error: ac_nonexistent.h: No such file or directory
 #include <ac_nonexistent.h>
                            ^
compilation terminated.
configure:3493: $? = 1
configure: failed program was:
| /* confdefs.h.  */
| #define PACKAGE_NAME "8puzzle"
| #define PACKAGE_TARNAME "8puzzle"
| #define PACKAGE_VERSION "1.6.0"
| #define PACKAGE_STRING "8puzzle 1.6.0"
| #define PACKAGE_BUGREPORT ""
| #define PACKAGE "8puzzle"
| #define VERSION "1.6.0"
| /* end confdefs.h.  */
| #include <ac_nonexistent.h>
configure:3531: checking for grep that handles long lines and -e
configure:3605: result: /bin/grep
configure:3610: checking for egrep
configure:3688: result: /bin/grep -E
configure:3693: checking for ANSI C header files
configure:3723: gcc -c -g -O2  conftest.c >&5
configure:3729: $? = 0
configure:3828: gcc -o conftest -g -O2   conftest.c  >&5
configure:3831: $? = 0
configure:3837: ./conftest
configure:3840: $? = 0
configure:3857: result: yes
configure:3881: checking for sys/types.h
configure:3902: gcc -c -g -O2  conftest.c >&5
configure:3908: $? = 0
configure:3924: result: yes
configure:3881: checking for sys/stat.h
configure:3902: gcc -c -g -O2  conftest.c >&5
configure:3908: $? = 0
configure:3924: result: yes
configure:3881: checking for stdlib.h
configure:3902: gcc -c -g -O2  conftest.c >&5
configure:3908: $? = 0
configure:3924: result: yes
configure:3881: checking for string.h
configure:3902: gcc -c -g -O2  conftest.c >&5
configure:3908: $? = 0
configure:3924: result: yes
configure:3881: checking for memory.h
configure:3902: gcc -c -g -O2  conftest.c >&5
configure:3908: $? = 0
configure:3924: result: yes
configure:3881: checking for strings.h
configure:3902: gcc -c -g -O2  conftest.c >&5
configure:3908: $? = 0
configure:3924: result: yes
configure:3881: checking for inttypes.h
configure:3902: gcc -c -g -O2  conftest.c >&5
configure:3908: $? = 0
configure:3924: result: yes
configure:3881: checking for stdint.h
configure:3902: gcc -c -g -O2  conftest.c >&5
configure:3908: $? = 0
configure:3924: result: yes
configure:3881: checking for unistd.h
configure:3902: gcc -c -g -O2  conftest.c >&5
configure:3908: $? = 0
configure:3924: result: yes
configure:3944: checking for stdlib.h
configure:3950: result: yes
configure:3944: checking for string.h
configure:3950: result: yes
configure:3944: checking for unistd.h
configure:3950: result: yes
configure:3954: checking time.h usability
configure:3971: gcc -c -g -O2  conftest.c >&5
configure:3977: $? = 0
configure:3991: result: yes
configure:3995: checking time.h presence
configure:4010: gcc -E  conftest.c
configure:4016: $? = 0
configure:4030: result: yes
configure:4058: checking for time.h
configure:4066: result: yes
configure:4080: checking for an ANSI C-conforming const
configure:4155: gcc -c -g -O2  conftest.c >&5
configure:4161: $? = 0
configure:4176: result: yes
configure:4333: creating ./config.status

## ---------------------- ##
## Running config.status. ##
## ---------------------- ##

This file was extended by 8puzzle config.status 1.6.0, which was
generated by GNU Autoconf 2.61.  Invocation command line was

  CONFIG_FILES    = 
  CONFIG_HEADERS  = 
  CONFIG_LINKS    = 
  CONFIG_COMMANDS = 
  $ ./config.status 

on blackcube

config.status:618: creating Makefile
config.status:809: executing depfiles commands

## ---------------- ##
## Cache variables. ##
## ---------------- ##

ac_cv_c_compiler_gnu=yes
ac_cv_c_const=yes
ac_cv_env_CC_set=
ac_cv_env_CC_value=
ac_cv_env_CFLAGS_set=
ac_cv_env_CFLAGS_value=
ac_cv_env_CPPFLAGS_set=
ac_cv_env_CPPFLAGS_value=
ac_cv_env_CPP_set=
ac_cv_env_CPP_value=
ac_cv_env_LDFLAGS_set=
ac_cv_env_LDFLAGS_value=
ac_cv_env_LIBS_set=
ac_cv_env_LIBS_value=
ac_cv_env_build_alias_set=
ac_cv_env_build_alias_value=
ac_cv_env_host_alias_set=
ac_cv_env_host_alias_value=
ac_cv_env_target_alias_set=
ac_cv_env_target_alias_value=
ac_cv_header_inttypes_h=yes
ac_cv_header_memory_h=yes
ac_cv_header_stdc=yes
ac_cv_header_stdint_h=yes
ac_cv_header_stdlib_h=yes
ac_cv_header_string_h=yes
ac_cv_header_strings_h=yes
ac_cv_header_sys_stat_h=yes
ac_cv_header_sys_types_h=yes
ac_cv_header_time_h=yes
ac_cv_header_unistd_h=yes
ac_cv_objext=o
ac_cv_path_EGREP='/bin/grep -E'
ac_cv_path_GREP=/bin/grep
ac_cv_path_install='/usr/bin/install -c'
ac_cv_path_mkdir=/bin/mkdir
ac_cv_prog_AWK=gawk
ac_cv_prog_CPP='gcc -E'
ac_cv_prog_ac_ct_CC=gcc
ac_cv_prog_cc_c89=
ac_cv_prog_cc_g=yes
ac_cv_prog_make_make_set=yes
am_cv_CC_dependencies_compiler_type=gcc3

## ----------------- ##
## Output variables. ##
## ----------------- ##

ACLOCAL='${SHELL} /home/skypjack/projects/8puzzle/config/missing --run aclocal-1.10'
AMDEPBACKSLASH='\'
AMDEP_FALSE='#'
AMDEP_TRUE=''
AMTAR='${SHELL} /home/skypjack/projects/8puzzle/config/missing --run tar'
AUTOCONF='${SHELL} /home/skypjack/projects/8puzzle/config/missing --run autoconf'
AUTOHEADER='${SHELL} /home/skypjack/projects/8puzzle/config/missing --run autoheader'
AUTOMAKE='${SHELL} /home/skypjack/projects/8puzzle/config/missing --run automake-1.10'
AWK='gawk'
CC='gcc'
CCDEPMODE='depmode=gcc3'
CFLAGS='-g -O2'
CPP='gcc -E'
CPPFLAGS=''
CYGPATH_W='echo'
DEFS='-DPACKAGE_NAME=\"8puzzle\" -DPACKAGE_TARNAME=\"8puzzle\" -DPACKAGE_VERSION=\"1.6.0\" -DPACKAGE_STRING=\"8puzzle\ 1.6.0\" -DPACKAGE_BUGREPORT=\"\" -DPACKAGE=\"8puzzle\" -DVERSION=\"1.6.0\" -DSTDC_HEADERS=1 -DHAVE_SYS_TYPES_H=1 -DHAVE_SYS_STAT_H=1 -DHAVE_STDLIB_H=1 -DHAVE_STRING_H=1 -DHAVE_MEMORY_H=1 -DHAVE_STRINGS_H=1 -DHAVE_INTTYPES_H=1 -DHAVE_STDINT_H=1 -DHAVE_UNISTD_H=1 -DHAVE_STDLIB_H=1 -DHAVE_STRING_H=1 -DHAVE_UNISTD_H=1 -DHAVE_TIME_H=1'
DEPDIR='.deps'
ECHO_C=''
ECHO_N='-n'
ECHO_T=''
EGREP='/bin/grep -E'
EXEEXT=''
GREP='/bin/grep'
INSTALL_DATA='${INSTALL} -m 644'
INSTALL_PROGRAM='${INSTALL}'
INSTALL_SCRIPT='${INSTALL}'
INSTALL_STRIP_PROGRAM='$(install_sh) -c -s'
LDFLAGS=''
LIBOBJS=''
LIBS=''
LTLIBOBJS=''
MAKEINFO='${SHELL} /home/skypjack/projects/8puzzle/config/missing --run makeinfo'
OBJEXT='o'
PACKAGE='8puzzle'
PACKAGE_BUGREPORT=''
PACKAGE_NAME='8puzzle'
PACKAGE_STRING='8puzzle 1.6.0'
PACKAGE_TARNAME='8puzzle'
PACKAGE_VERSION='1.6.0'
PATH_SEPARATOR=':'
SET_MAKE=''
SHELL='/bin/bash'
STRIP=''
VERSION='1.6.0'
ac_ct_CC='gcc'
am__fastdepCC_FALSE='#'
am__fastdepCC_TRUE=''
am__include='include'
am__isrc=''
am__leading_dot='.'
am__quote=''
am__tar='${AMTAR} chof - "$$tardir"'
am__untar='${AMTAR} xf -'
bindir='${exec_prefix}/bin'
build_alias=''
datadir='${datarootdir}'
datarootdir='${prefix}/share'
docdir='${datarootdir}/doc/${PACKAGE_TARNAME}'
dvidir='${docdir}'
exec_prefix='${prefix}'
host_alias=''
htmldir='${docdir}'
includedir='${prefix}/include'
infodir='${datarootdir}/info'
install_sh='$(SHELL) /home/skypjack/projects/8puzzle/config/install-sh'
libdir='${exec_prefix}/lib'
libexecdir='${exec_prefix}/libexec'
localedir='${datarootdir}/locale'
localstatedir='${prefix}/var'
mandir='${datarootdir}/man'
mkdir_p='/bin/mkdir -p'
oldincludedir='/usr/include'
pdfdir='${docdir}'
prefix='/usr/local'
program_transform_name='s,x,x,'
psdir='${docdir}'
sbindir='${exec_prefix}/sbin'
sharedstatedir='${prefix}/com'
sysconfdir='${prefix}/etc'
target_alias=''

## ----------- ##
## confdefs.h. ##
## ----------- ##

#define PACKAGE_NAME "8puzzle"
#define PACKAGE_TARNAME "8puzzle"
#define PACKAGE_VERSION "1.6.0"
#define PACKAGE_STRING "8puzzle 1.6.0"
#define PACKAGE_BUGREPORT ""
#define PACKAGE "8puzzle"
#define VERSION "1.6.0"
#define STDC_HEADERS 1
#define HAVE_SYS_TYPES_H 1
#define HAVE_SYS_STAT_H 1
#define HAVE_STDLIB_H 1
#define HAVE_STRING_H 1
#define HAVE_MEMORY_H 1
#define HAVE_STRINGS_H 1
#define HAVE_INTTYPES_H 1
#define HAVE_STDINT_H 1
#define HAVE_UNISTD_H 1
#define HAVE_STDLIB_H 1
#define HAVE_STRING_H 1
#define HAVE_UNISTD_H 1
#define HAVE_TIME_H 1

configure: exit 0
