This is pdfTeXk, Version 3.141592-1.40.3 (Web2C 7.5.6) (format=pdflatex 2010.5.26)  8 JUL 2010 22:35
entering extended mode
 %&-line parsing enabled.
**tesi.tex
(./tesi.tex
LaTeX2e <2005/12/01>
Babel <v3.8h> and hyphenation patterns for english, usenglishmax, dumylang, noh
yphenation, arabic, basque, bulgarian, coptic, welsh, czech, slovak, german, ng
erman, danish, esperanto, spanish, catalan, galician, estonian, farsi, finnish,
 french, greek, monogreek, ancientgreek, croatian, hungarian, interlingua, ibyc
us, indonesian, icelandic, italian, latin, mongolian, dutch, norsk, polish, por
tuguese, pinyin, romanian, russian, slovenian, uppersorbian, serbian, swedish, 
turkish, ukenglish, ukrainian, loaded.
(/usr/share/texmf/tex/latex/koma-script/scrbook.cls
Document Class: scrbook 2006/07/30 v2.95b KOMA-Script document class (book)
(/usr/share/texmf/tex/latex/koma-script/scrkbase.sty
Package: scrkbase 2006/07/30 v2.95b KOMA-Script package (basics and keyval use)


(/usr/share/texmf/tex/latex/koma-script/scrlfile.sty
Package: scrlfile 2006/03/28 v2.95 KOMA-Script package (loading files)

Package scrlfile, 2006/03/28 v2.95 KOMA-Script package (loading files)
                  Copyright (C) Markus Kohm

) (/usr/share/texmf/tex/latex/graphics/keyval.sty
Package: keyval 1999/03/16 v1.13 key=value parser (DPC)
\KV@toks@=\toks14
))
Package scrkbase Info: You've used the obsolete option `cleardoubleempty'.
(scrkbase)             \KOMAoptions{cleardoublepage=empty} will be used instead
.
(scrkbase)             You should do this change too on input line 628.
Package scrkbase Info: You've used the obsolete option `10pt'.
(scrkbase)             \KOMAoptions{fontsize=10pt} will be used instead.
(scrkbase)             You should do this change too on input line 628.

(/usr/share/texmf/tex/latex/base/bk10.clo
File: bk10.clo 2005/09/16 v1.4f Standard LaTeX file (size option)
)
(/usr/share/texmf/tex/latex/koma-script/typearea.sty
Package: typearea 2006/07/30 v2.95b KOMA-Script package (type area)

Package typearea, 2006/07/30 v2.95b KOMA-Script package (type area)
                  Copyright (C) Frank Neukam, 1992-1994
                  Copyright (C) Markus Kohm, 1994-2002

\ta@bcor=\skip41
\ta@div=\count79
Package scrkbase Info: You've used the obsolete option `a4paper'.
(scrkbase)             \KOMAoptions{paper=a4} will be used instead.
(scrkbase)             You should do this change too on input line 419.
\ta@hblk=\skip42
\ta@vblk=\skip43
\ta@temp=\skip44
Package typearea Info: These are the values describing the layout:
(typearea)             DIV  = 8
(typearea)             BCOR = 0.0pt
(typearea)             \paperwidth      = 597.50793pt
(typearea)              \textwidth      = 373.44246pt
(typearea)              DIV-departure   = -4/100
(typearea)              \evensidemargin = 77.107pt
(typearea)              \oddsidemargin  = 2.4185pt
(typearea)             \paperheight     = 845.04694pt
(typearea)              \textheight     = 538.0pt
(typearea)              \topmargin      = 0.36087pt
(typearea)              \headheight     = 15.0pt
(typearea)              \headsep        = 18.0pt
(typearea)              \topskip        = 10.0pt
(typearea)              \footskip       = 42.0pt
(typearea)              \baselineskip   = 12.0pt
(typearea)              on input line 832.
)
\c@part=\count80
\c@chapter=\count81
\c@section=\count82
\c@subsection=\count83
\c@subsubsection=\count84
\c@paragraph=\count85
\c@subparagraph=\count86
\abovecaptionskip=\skip45
\belowcaptionskip=\skip46
\c@pti@nb@sid@b@x=\box26
\c@figure=\count87
\c@table=\count88
\bibindent=\dimen102
) (/usr/share/texmf/tex/latex/natbib/natbib.sty
Package: natbib 2007/02/05 8.0 (PWD)
\bibhang=\skip47
\bibsep=\skip48
LaTeX Info: Redefining \cite on input line 602.
\c@NAT@ctr=\count89
)
(/usr/share/texmf/tex/generic/babel/babel.sty
Package: babel 2005/11/23 v3.8h The Babel package

(/usr/share/texmf/tex/generic/babel/italian.ldf
Language: italian 2005/11/17 v1.2r Italian support from the babel system

(/usr/share/texmf/tex/generic/babel/babel.def
File: babel.def 2005/11/23 v3.8h Babel common definitions
\babel@savecnt=\count90
\U@D=\dimen103
)
Package babel Info: Making " an active character on input line 91.
)) (./classicthesis-ldpkg.sty
Package: classicthesis-ldpkg 2010/02/13 v2.7 Package Loader for Classic Thesis 
Style

(/usr/share/texmf/tex/latex/base/ifthen.sty
Package: ifthen 2001/05/26 v1.1c Standard LaTeX ifthen package (DPC)
)
(/usr/share/texmf/tex/latex/base/fontenc.sty
Package: fontenc 2005/09/27 v1.99g Standard LaTeX package

(/usr/share/texmf/tex/latex/base/t1enc.def
File: t1enc.def 2005/09/27 v1.99g Standard LaTeX file
LaTeX Font Info:    Redeclaring font encoding T1 on input line 43.
))
(/usr/share/texmf/tex/latex/base/textcomp.sty
Package: textcomp 2005/09/27 v1.99g Standard LaTeX package
Package textcomp Info: Sub-encoding information:
(textcomp)               5 = only ISO-Adobe without \textcurrency
(textcomp)               4 = 5 + \texteuro
(textcomp)               3 = 4 + \textohm
(textcomp)               2 = 3 + \textestimated + \textcurrency
(textcomp)               1 = TS1 - \textcircled - \t
(textcomp)               0 = TS1 (full)
(textcomp)             Font families with sub-encoding setting implement
(textcomp)             only a restricted character set as indicated.
(textcomp)             Family '?' is the default used for unknown fonts.
(textcomp)             See the documentation for details.
Package textcomp Info: Setting ? sub-encoding to TS1/1 on input line 71.

(/usr/share/texmf/tex/latex/base/ts1enc.def
File: ts1enc.def 2001/06/05 v3.0e (jk/car/fm) Standard LaTeX file
)
LaTeX Info: Redefining \oldstylenums on input line 266.
Package textcomp Info: Setting cmr sub-encoding to TS1/0 on input line 281.
Package textcomp Info: Setting cmss sub-encoding to TS1/0 on input line 282.
Package textcomp Info: Setting cmtt sub-encoding to TS1/0 on input line 283.
Package textcomp Info: Setting cmvtt sub-encoding to TS1/0 on input line 284.
Package textcomp Info: Setting cmbr sub-encoding to TS1/0 on input line 285.
Package textcomp Info: Setting cmtl sub-encoding to TS1/0 on input line 286.
Package textcomp Info: Setting ccr sub-encoding to TS1/0 on input line 287.
Package textcomp Info: Setting ptm sub-encoding to TS1/4 on input line 288.
Package textcomp Info: Setting pcr sub-encoding to TS1/4 on input line 289.
Package textcomp Info: Setting phv sub-encoding to TS1/4 on input line 290.
Package textcomp Info: Setting ppl sub-encoding to TS1/3 on input line 291.
Package textcomp Info: Setting pag sub-encoding to TS1/4 on input line 292.
Package textcomp Info: Setting pbk sub-encoding to TS1/4 on input line 293.
Package textcomp Info: Setting pnc sub-encoding to TS1/4 on input line 294.
Package textcomp Info: Setting pzc sub-encoding to TS1/4 on input line 295.
Package textcomp Info: Setting bch sub-encoding to TS1/4 on input line 296.
Package textcomp Info: Setting put sub-encoding to TS1/5 on input line 297.
Package textcomp Info: Setting uag sub-encoding to TS1/5 on input line 298.
Package textcomp Info: Setting ugq sub-encoding to TS1/5 on input line 299.
Package textcomp Info: Setting ul8 sub-encoding to TS1/4 on input line 300.
Package textcomp Info: Setting ul9 sub-encoding to TS1/4 on input line 301.
Package textcomp Info: Setting augie sub-encoding to TS1/5 on input line 302.
Package textcomp Info: Setting dayrom sub-encoding to TS1/3 on input line 303.
Package textcomp Info: Setting dayroms sub-encoding to TS1/3 on input line 304.

Package textcomp Info: Setting pxr sub-encoding to TS1/0 on input line 305.
Package textcomp Info: Setting pxss sub-encoding to TS1/0 on input line 306.
Package textcomp Info: Setting pxtt sub-encoding to TS1/0 on input line 307.
Package textcomp Info: Setting txr sub-encoding to TS1/0 on input line 308.
Package textcomp Info: Setting txss sub-encoding to TS1/0 on input line 309.
Package textcomp Info: Setting txtt sub-encoding to TS1/0 on input line 310.
Package textcomp Info: Setting futs sub-encoding to TS1/4 on input line 311.
Package textcomp Info: Setting futx sub-encoding to TS1/4 on input line 312.
Package textcomp Info: Setting futj sub-encoding to TS1/4 on input line 313.
Package textcomp Info: Setting hlh sub-encoding to TS1/3 on input line 314.
Package textcomp Info: Setting hls sub-encoding to TS1/3 on input line 315.
Package textcomp Info: Setting hlst sub-encoding to TS1/3 on input line 316.
Package textcomp Info: Setting hlct sub-encoding to TS1/5 on input line 317.
Package textcomp Info: Setting hlx sub-encoding to TS1/5 on input line 318.
Package textcomp Info: Setting hlce sub-encoding to TS1/5 on input line 319.
Package textcomp Info: Setting hlcn sub-encoding to TS1/5 on input line 320.
Package textcomp Info: Setting hlcw sub-encoding to TS1/5 on input line 321.
Package textcomp Info: Setting hlcf sub-encoding to TS1/5 on input line 322.
Package textcomp Info: Setting pplx sub-encoding to TS1/3 on input line 323.
Package textcomp Info: Setting pplj sub-encoding to TS1/3 on input line 324.
Package textcomp Info: Setting ptmx sub-encoding to TS1/4 on input line 325.
Package textcomp Info: Setting ptmj sub-encoding to TS1/4 on input line 326.
)
(/usr/share/texmf/tex/latex/tools/xspace.sty
Package: xspace 2006/05/08 v1.12 Space after command names (DPC,MH)
)
(/usr/share/texmf/tex/latex/tools/tabularx.sty
Package: tabularx 1999/01/07 v2.07 `tabularx' package (DPC)

(/usr/share/texmf/tex/latex/tools/array.sty
Package: array 2005/08/23 v2.4b Tabular extension package (FMi)
\col@sep=\dimen104
\extrarowheight=\dimen105
\NC@list=\toks15
\extratabsurround=\skip49
\backup@length=\skip50
)
\TX@col@width=\dimen106
\TX@old@table=\dimen107
\TX@old@col=\dimen108
\TX@target=\dimen109
\TX@delta=\dimen110
\TX@cols=\count91
\TX@ftn=\toks16
)
(/usr/share/texmf/tex/latex/mparhack/mparhack.sty
Package: mparhack 2003/05/22 v1.3a (T. Sgouros and S. Ulrich)
)
(/usr/share/texmf/tex/latex/base/fixltx2e.sty
Package: fixltx2e 2006/03/24 v1.1n fixes to LaTeX
LaTeX Info: Redefining \em on input line 420.
LaTeX Info: Redefining \textsubscript on input line 424.
)
(/usr/share/texmf/tex/latex/ltxmisc/relsize.sty
Package: relsize 2003/07/04 ver 3.1
)
(/usr/share/texmf/tex/latex/acronym/acronym.sty
Package: acronym 2006/06/26 v1.26 Support for acronyms (Tobias Oetiker)

(/usr/share/texmf/tex/latex/bigfoot/suffix.sty
Package: suffix 2006/07/15 1.5 Variant command support
)
\clearlist=\toks17
)
\c@dummy=\count92

(/usr/share/texmf/tex/latex/caption/caption.sty
Package: caption 2007/01/07 v3.0k Customising captions (AR)

(/usr/share/texmf/tex/latex/caption/caption3.sty
Package: caption3 2007/01/07 v3.0k caption3 kernel (AR)
\captionmargin=\dimen111
\captionmarginx=\dimen112
\captionwidth=\dimen113
\captionindent=\dimen114
\captionparindent=\dimen115
\captionhangindent=\dimen116
))
(/usr/share/texmf/tex/latex/listings/listings.sty
\lst@mode=\count93
\lst@gtempboxa=\box27
\lst@token=\toks18
\lst@length=\count94
\lst@currlwidth=\dimen117
\lst@column=\count95
\lst@pos=\count96
\lst@lostspace=\dimen118
\lst@width=\dimen119
\lst@newlines=\count97
\lst@lineno=\count98
\c@lstlisting=\count99
\lst@maxwidth=\dimen120

(/usr/share/texmf/tex/latex/listings/lstpatch.sty
File: lstpatch.sty 2004/10/17 1.3b (Carsten Heinz)
)
(/usr/share/texmf/tex/latex/listings/lstmisc.sty
File: lstmisc.sty 2004/09/07 1.3 (Carsten Heinz)
\c@lstnumber=\count100
\lst@skipnumbers=\count101
\lst@framebox=\box28
)
(/usr/share/texmf/tex/latex/listings/listings.cfg
File: listings.cfg 2004/09/05 1.3 listings configuration
))
Package: listings 2004/10/17 1.3b (Carsten Heinz)

(/usr/share/texmf/tex/latex/carlisle/remreset.sty)
(/usr/share/texmf/tex/latex/subfig/subfig.sty
Package: subfig 2005/06/28 ver: 1.3 subfig package
\c@KVtest=\count102
\sf@farskip=\skip51
\sf@captopadj=\dimen121
\sf@capskip=\skip52
\sf@nearskip=\skip53
\c@subfigure=\count103
\c@subfigure@save=\count104
\c@lofdepth=\count105
\c@subtable=\count106
\c@subtable@save=\count107
\c@lotdepth=\count108
\sf@top=\skip54
\sf@bottom=\skip55
)
(/usr/share/texmf/tex/latex/hyperref/hyperref.sty
Package: hyperref 2007/02/07 v6.75r Hypertext links for LaTeX
\@linkdim=\dimen122
\Hy@linkcounter=\count109
\Hy@pagecounter=\count110

(/usr/share/texmf/tex/latex/hyperref/pd1enc.def
File: pd1enc.def 2007/02/07 v6.75r Hyperref: PDFDocEncoding definition (HO)
)
(/usr/share/texmf/tex/latex/config/hyperref.cfg
File: hyperref.cfg 2002/06/06 v1.2 hyperref configuration of TeXLive
)
(/usr/share/texmf/tex/latex/oberdiek/kvoptions.sty
Package: kvoptions 2006/08/22 v2.4 Connects package keyval with LaTeX options (
HO)
)
Package hyperref Info: Option `hyperfootnotes' set `false' on input line 2238.
Package hyperref Info: Option `pdfpagelabels' set `true' on input line 2238.
Package hyperref Info: Hyper figures OFF on input line 2288.
Package hyperref Info: Link nesting OFF on input line 2293.
Package hyperref Info: Hyper index ON on input line 2296.
Package hyperref Info: Plain pages OFF on input line 2303.
Package hyperref Info: Backreferencing OFF on input line 2308.

Implicit mode ON; LaTeX internals redefined
Package hyperref Info: Bookmarks ON on input line 2444.
(/usr/share/texmf/tex/latex/ltxmisc/url.sty
\Urlmuskip=\muskip10
Package: url 2005/06/27  ver 3.2  Verb mode for urls, etc.
)
LaTeX Info: Redefining \url on input line 2599.
\Fld@menulength=\count111
\Field@Width=\dimen123
\Fld@charsize=\dimen124
\Choice@toks=\toks19
\Field@toks=\toks20
Package hyperref Info: Hyper figures OFF on input line 3102.
Package hyperref Info: Link nesting OFF on input line 3107.
Package hyperref Info: Hyper index ON on input line 3110.
Package hyperref Info: backreferencing OFF on input line 3117.
Package hyperref Info: Link coloring OFF on input line 3122.
\Hy@abspage=\count112
\c@Item=\count113
)
*hyperref using driver hpdftex*
(/usr/share/texmf/tex/latex/hyperref/hpdftex.def
File: hpdftex.def 2007/02/07 v6.75r Hyperref driver for pdfTeX
\Fld@listcount=\count114
)
(/usr/share/texmf/tex/latex/graphics/graphicx.sty
Package: graphicx 1999/02/16 v1.0f Enhanced LaTeX Graphics (DPC,SPQR)

(/usr/share/texmf/tex/latex/graphics/graphics.sty
Package: graphics 2006/02/20 v1.0o Standard LaTeX Graphics (DPC,SPQR)

(/usr/share/texmf/tex/latex/graphics/trig.sty
Package: trig 1999/03/16 v1.09 sin cos tan (DPC)
)
(/usr/share/texmf/tex/latex/config/graphics.cfg
File: graphics.cfg 2007/01/18 v1.5 graphics configuration of teTeX/TeXLive
)
Package graphics Info: Driver file: pdftex.def on input line 90.

(/usr/share/texmf/tex/latex/pdftex-def/pdftex.def
File: pdftex.def 2007/01/08 v0.04d Graphics/color for pdfTeX
\Gread@gobject=\count115
))
\Gin@req@height=\dimen125
\Gin@req@width=\dimen126
)) (./classicthesis.sty
Package: classicthesis 2010/02/13 v2.7 Typographic Style for a classic-looking 
thesis

(/usr/share/texmf/tex/generic/oberdiek/ifpdf.sty
Package: ifpdf 2006/02/20 v1.4 Provides the ifpdf switch (HO)
Package ifpdf Info: pdfTeX in pdf mode detected.
)
(/usr/share/texmf/tex/latex/xcolor/xcolor.sty
Package: xcolor 2007/01/21 v2.11 LaTeX color extensions (UK)

(/usr/share/texmf/tex/latex/config/color.cfg
File: color.cfg 2007/01/18 v1.5 color configuration of teTeX/TeXLive
)
Package xcolor Info: Driver file: pdftex.def on input line 225.
Package xcolor Info: Model `cmy' substituted by `cmy0' on input line 1337.
Package xcolor Info: Model `hsb' substituted by `rgb' on input line 1341.
Package xcolor Info: Model `RGB' extended on input line 1353.
Package xcolor Info: Model `HTML' substituted by `rgb' on input line 1355.
Package xcolor Info: Model `Hsb' substituted by `hsb' on input line 1356.
Package xcolor Info: Model `tHsb' substituted by `hsb' on input line 1357.
Package xcolor Info: Model `HSB' substituted by `hsb' on input line 1358.
Package xcolor Info: Model `Gray' substituted by `gray' on input line 1359.
Package xcolor Info: Model `wave' substituted by `hsb' on input line 1360.

(/usr/share/texmf/tex/latex/graphics/dvipsnam.def
File: dvipsnam.def 1999/02/16 v3.0i Driver-dependant file (DPC,SPQR)
))
(/usr/share/texmf/tex/latex/psnfss/mathpazo.sty
Package: mathpazo 2005/04/12 PSNFSS-v9.2a Palatino w/ Pazo Math (D.Puga, WaS) 
\symupright=\mathgroup4
)
(/usr/share/texmf/tex/latex/eulervm/eulervm.sty
Package: eulervm 2005/01/11 v4.0 (WaS)
)
(/usr/share/texmf/tex/latex/microtype/microtype.sty
Package: microtype 2007/01/21 v2.0 Micro-typography with pdfTeX (RS)
\MT@toks=\toks21
\MT@count=\count116
LaTeX Info: Redefining \lsstyle on input line 1370.
LaTeX Info: Redefining \lslig on input line 1370.
LaTeX Info: Redefining \textls on input line 1371.
\MT@lskern=\dimen127
Package microtype Info: Loading configuration file microtype.cfg.

(/usr/share/texmf/tex/latex/microtype/microtype.cfg
File: microtype.cfg 2007/01/14 v2.0 microtype main configuration file (RS)
))
Package classicthesis Info: A4 paper, Palatino or other on input line 234.

(/usr/share/texmf/tex/latex/booktabs/booktabs.sty
Package: booktabs 2005/03/16 v1.6180 publication quality tables
\heavyrulewidth=\dimen128
\lightrulewidth=\dimen129
\cmidrulewidth=\dimen130
\belowrulesep=\dimen131
\belowbottomsep=\dimen132
\aboverulesep=\dimen133
\abovetopsep=\dimen134
\cmidrulesep=\dimen135
\cmidrulekern=\dimen136
\defaultaddspace=\dimen137
\@cmidla=\count117
\@cmidlb=\count118
\@aboverulesep=\dimen138
\@belowrulesep=\dimen139
\@thisruleclass=\count119
\@lastruleclass=\count120
\@thisrulewidth=\dimen140
)
(/usr/share/texmf/tex/latex/textcase/textcase.sty
Package: textcase 2004/10/07 v0.07 Text only upper/lower case changing (DPC)
)
Package classicthesis Info: Using pdftex/microtype for character spacing.Make s
ure your pdftex is version 1.40 or higher. on input line 297.

(/usr/share/texmf/tex/latex/koma-script/scrpage2.sty
Package: scrpage2 2006/03/29 v2.2c LaTeX2e KOMA-Script package
LaTeX Info: Redefining \pagemark on input line 134.
)
(/usr/share/texmf/tex/latex/titlesec/titlesec.sty
Package: titlesec 2005/01/22 v2.6 Sectioning titles
\ttl@box=\box29
\beforetitleunit=\skip56
\aftertitleunit=\skip57
\ttl@plus=\dimen141
\ttl@minus=\dimen142
\titlewidth=\dimen143
\titlewidthlast=\dimen144
\titlewidthfirst=\dimen145
)
(/usr/share/texmf/tex/latex/tocloft/tocloft.sty
Package: tocloft 2003/09/26 v2.3c parameterised ToC, etc., typesetting


Package tocloft Note: The document has chapter divisions.

\cftparskip=\skip58
\cftbeforetoctitleskip=\skip59
\cftaftertoctitleskip=\skip60
\cftbeforepartskip=\skip61
\cftpartnumwidth=\skip62
\cftpartindent=\skip63
\cftbeforechapskip=\skip64
\cftchapindent=\skip65
\cftchapnumwidth=\skip66
\cftbeforesecskip=\skip67
\cftsecindent=\skip68
\cftsecnumwidth=\skip69
\cftbeforesubsecskip=\skip70
\cftsubsecindent=\skip71
\cftsubsecnumwidth=\skip72
\cftbeforesubsubsecskip=\skip73
\cftsubsubsecindent=\skip74
\cftsubsubsecnumwidth=\skip75
\cftbeforeparaskip=\skip76
\cftparaindent=\skip77
\cftparanumwidth=\skip78
\cftbeforesubparaskip=\skip79
\cftsubparaindent=\skip80
\cftsubparanumwidth=\skip81
\cftbeforeloftitleskip=\skip82
\cftafterloftitleskip=\skip83
\cftbeforefigskip=\skip84
\cftfigindent=\skip85
\cftfignumwidth=\skip86
\cftbeforelottitleskip=\skip87
\cftafterlottitleskip=\skip88
\cftbeforetabskip=\skip89
\cfttabindent=\skip90
\cfttabnumwidth=\skip91
\cftbeforesubfigskip=\skip92
\cftsubfigindent=\skip93
\cftsubfignumwidth=\skip94
\cftbeforesubtabskip=\skip95
\cftsubtabindent=\skip96
\cftsubtabnumwidth=\skip97
)
\newnumberwidth=\skip98
\beforebibskip=\skip99
\newchnumberwidth=\skip100
\figurelabelwidth=\skip101
\tablelabelwidth=\skip102
\c@listings=\count121
\cftbeforelistingsskip=\skip103
\cftlistingsindent=\skip104
\cftlistingsnumwidth=\skip105
\c@loldepth=\count122
\cftbeforeloltitleskip=\skip106
\cftafterloltitleskip=\skip107
\listingslabelwidth=\skip108
 (/usr/share/texmf/tex/latex/koma-script/scrtime.sty
Package: scrtime 2006/03/30 v1.1o LaTeX2e KOMA-Script package
))
(/usr/share/texmf/tex/latex/lipsum/lipsum.sty
Package: lipsum 2005/01/26 v1.0 150 paragraphs of Lorem Ipsum dummy text
File: lipsum.dtx 2005/01/26 v1.0 150 paragraphs of Lorem Ipsum dummy text
\c@lips@count=\count123
) (./epigraph.sty
Package: epigraph 2002/10/22 v1.5a typesetting epigraphs
\beforeepigraphskip=\skip109
\afterepigraphskip=\skip110
\epigraphwidth=\skip111
\epigraphrule=\skip112
)
(/usr/share/texmf/tex/latex/base/fontenc.sty
Package: fontenc 2005/09/27 v1.99g Standard LaTeX package

(/usr/share/texmf/tex/latex/base/t1enc.def
File: t1enc.def 2005/09/27 v1.99g Standard LaTeX file
LaTeX Font Info:    Redeclaring font encoding T1 on input line 43.
))
(/usr/share/texmf/tex/latex/base/inputenc.sty
Package: inputenc 2006/05/05 v1.1b Input encoding file
\inpenc@prehook=\toks22
\inpenc@posthook=\toks23

(/usr/share/texmf/tex/latex/base/utf8.def
File: utf8.def 2006/03/30 v1.1i UTF-8 support for inputenc
Now handling font encoding OML ...
... no UTF-8 mapping file for font encoding OML
Now handling font encoding T1 ...
... processing UTF-8 mapping file for font encodingT1

(/usr/share/texmf/tex/latex/base/t1enc.dfu
File: t1enc.dfu 2006/03/30 v1.1i UTF-8 support for inputenc
   defining Unicode char U+00A1 (decimal 161)
   defining Unicode char U+00A3 (decimal 163)
   defining Unicode char U+00AB (decimal 171)
   defining Unicode char U+00BB (decimal 187)
   defining Unicode char U+00BF (decimal 191)
   defining Unicode char U+00C0 (decimal 192)
   defining Unicode char U+00C1 (decimal 193)
   defining Unicode char U+00C2 (decimal 194)
   defining Unicode char U+00C3 (decimal 195)
   defining Unicode char U+00C4 (decimal 196)
   defining Unicode char U+00C5 (decimal 197)
   defining Unicode char U+00C6 (decimal 198)
   defining Unicode char U+00C7 (decimal 199)
   defining Unicode char U+00C8 (decimal 200)
   defining Unicode char U+00C9 (decimal 201)
   defining Unicode char U+00CA (decimal 202)
   defining Unicode char U+00CB (decimal 203)
   defining Unicode char U+00CC (decimal 204)
   defining Unicode char U+00CD (decimal 205)
   defining Unicode char U+00CE (decimal 206)
   defining Unicode char U+00CF (decimal 207)
   defining Unicode char U+00D0 (decimal 208)
   defining Unicode char U+00D1 (decimal 209)
   defining Unicode char U+00D2 (decimal 210)
   defining Unicode char U+00D3 (decimal 211)
   defining Unicode char U+00D4 (decimal 212)
   defining Unicode char U+00D5 (decimal 213)
   defining Unicode char U+00D6 (decimal 214)
   defining Unicode char U+00D8 (decimal 216)
   defining Unicode char U+00D9 (decimal 217)
   defining Unicode char U+00DA (decimal 218)
   defining Unicode char U+00DB (decimal 219)
   defining Unicode char U+00DC (decimal 220)
   defining Unicode char U+00DD (decimal 221)
   defining Unicode char U+00DE (decimal 222)
   defining Unicode char U+00DF (decimal 223)
   defining Unicode char U+00E0 (decimal 224)
   defining Unicode char U+00E1 (decimal 225)
   defining Unicode char U+00E2 (decimal 226)
   defining Unicode char U+00E3 (decimal 227)
   defining Unicode char U+00E4 (decimal 228)
   defining Unicode char U+00E5 (decimal 229)
   defining Unicode char U+00E6 (decimal 230)
   defining Unicode char U+00E7 (decimal 231)
   defining Unicode char U+00E8 (decimal 232)
   defining Unicode char U+00E9 (decimal 233)
   defining Unicode char U+00EA (decimal 234)
   defining Unicode char U+00EB (decimal 235)
   defining Unicode char U+00EC (decimal 236)
   defining Unicode char U+00ED (decimal 237)
   defining Unicode char U+00EE (decimal 238)
   defining Unicode char U+00EF (decimal 239)
   defining Unicode char U+00F0 (decimal 240)
   defining Unicode char U+00F1 (decimal 241)
   defining Unicode char U+00F2 (decimal 242)
   defining Unicode char U+00F3 (decimal 243)
   defining Unicode char U+00F4 (decimal 244)
   defining Unicode char U+00F5 (decimal 245)
   defining Unicode char U+00F6 (decimal 246)
   defining Unicode char U+00F8 (decimal 248)
   defining Unicode char U+00F9 (decimal 249)
   defining Unicode char U+00FA (decimal 250)
   defining Unicode char U+00FB (decimal 251)
   defining Unicode char U+00FC (decimal 252)
   defining Unicode char U+00FD (decimal 253)
   defining Unicode char U+00FE (decimal 254)
   defining Unicode char U+00FF (decimal 255)
   defining Unicode char U+0102 (decimal 258)
   defining Unicode char U+0103 (decimal 259)
   defining Unicode char U+0104 (decimal 260)
   defining Unicode char U+0105 (decimal 261)
   defining Unicode char U+0106 (decimal 262)
   defining Unicode char U+0107 (decimal 263)
   defining Unicode char U+010C (decimal 268)
   defining Unicode char U+010D (decimal 269)
   defining Unicode char U+010E (decimal 270)
   defining Unicode char U+010F (decimal 271)
   defining Unicode char U+0110 (decimal 272)
   defining Unicode char U+0111 (decimal 273)
   defining Unicode char U+0118 (decimal 280)
   defining Unicode char U+0119 (decimal 281)
   defining Unicode char U+011A (decimal 282)
   defining Unicode char U+011B (decimal 283)
   defining Unicode char U+011E (decimal 286)
   defining Unicode char U+011F (decimal 287)
   defining Unicode char U+0130 (decimal 304)
   defining Unicode char U+0131 (decimal 305)
   defining Unicode char U+0132 (decimal 306)
   defining Unicode char U+0133 (decimal 307)
   defining Unicode char U+0139 (decimal 313)
   defining Unicode char U+013A (decimal 314)
   defining Unicode char U+013D (decimal 317)
   defining Unicode char U+013E (decimal 318)
   defining Unicode char U+0141 (decimal 321)
   defining Unicode char U+0142 (decimal 322)
   defining Unicode char U+0143 (decimal 323)
   defining Unicode char U+0144 (decimal 324)
   defining Unicode char U+0147 (decimal 327)
   defining Unicode char U+0148 (decimal 328)
   defining Unicode char U+014A (decimal 330)
   defining Unicode char U+014B (decimal 331)
   defining Unicode char U+0150 (decimal 336)
   defining Unicode char U+0151 (decimal 337)
   defining Unicode char U+0152 (decimal 338)
   defining Unicode char U+0153 (decimal 339)
   defining Unicode char U+0154 (decimal 340)
   defining Unicode char U+0155 (decimal 341)
   defining Unicode char U+0158 (decimal 344)
   defining Unicode char U+0159 (decimal 345)
   defining Unicode char U+015A (decimal 346)
   defining Unicode char U+015B (decimal 347)
   defining Unicode char U+015E (decimal 350)
   defining Unicode char U+015F (decimal 351)
   defining Unicode char U+0160 (decimal 352)
   defining Unicode char U+0161 (decimal 353)
   defining Unicode char U+0162 (decimal 354)
   defining Unicode char U+0163 (decimal 355)
   defining Unicode char U+0164 (decimal 356)
   defining Unicode char U+0165 (decimal 357)
   defining Unicode char U+016E (decimal 366)
   defining Unicode char U+016F (decimal 367)
   defining Unicode char U+0170 (decimal 368)
   defining Unicode char U+0171 (decimal 369)
   defining Unicode char U+0178 (decimal 376)
   defining Unicode char U+0179 (decimal 377)
   defining Unicode char U+017A (decimal 378)
   defining Unicode char U+017B (decimal 379)
   defining Unicode char U+017C (decimal 380)
   defining Unicode char U+017D (decimal 381)
   defining Unicode char U+017E (decimal 382)
   defining Unicode char U+200C (decimal 8204)
   defining Unicode char U+2013 (decimal 8211)
   defining Unicode char U+2014 (decimal 8212)
   defining Unicode char U+2018 (decimal 8216)
   defining Unicode char U+2019 (decimal 8217)
   defining Unicode char U+201A (decimal 8218)
   defining Unicode char U+201C (decimal 8220)
   defining Unicode char U+201D (decimal 8221)
   defining Unicode char U+201E (decimal 8222)
   defining Unicode char U+2030 (decimal 8240)
   defining Unicode char U+2031 (decimal 8241)
   defining Unicode char U+2039 (decimal 8249)
   defining Unicode char U+203A (decimal 8250)
   defining Unicode char U+2423 (decimal 9251)
)
Now handling font encoding OT1 ...
... processing UTF-8 mapping file for font encodingOT1

(/usr/share/texmf/tex/latex/base/ot1enc.dfu
File: ot1enc.dfu 2006/03/30 v1.1i UTF-8 support for inputenc
   defining Unicode char U+00A1 (decimal 161)
   defining Unicode char U+00A3 (decimal 163)
   defining Unicode char U+00B8 (decimal 184)
   defining Unicode char U+00BF (decimal 191)
   defining Unicode char U+00C5 (decimal 197)
   defining Unicode char U+00C6 (decimal 198)
   defining Unicode char U+00D8 (decimal 216)
   defining Unicode char U+00DF (decimal 223)
   defining Unicode char U+00E6 (decimal 230)
   defining Unicode char U+00EC (decimal 236)
   defining Unicode char U+00ED (decimal 237)
   defining Unicode char U+00EE (decimal 238)
   defining Unicode char U+00EF (decimal 239)
   defining Unicode char U+00F8 (decimal 248)
   defining Unicode char U+0131 (decimal 305)
   defining Unicode char U+0141 (decimal 321)
   defining Unicode char U+0142 (decimal 322)
   defining Unicode char U+0152 (decimal 338)
   defining Unicode char U+0153 (decimal 339)
   defining Unicode char U+2013 (decimal 8211)
   defining Unicode char U+2014 (decimal 8212)
   defining Unicode char U+2018 (decimal 8216)
   defining Unicode char U+2019 (decimal 8217)
   defining Unicode char U+201C (decimal 8220)
   defining Unicode char U+201D (decimal 8221)
)
Now handling font encoding OMS ...
... processing UTF-8 mapping file for font encodingOMS

(/usr/share/texmf/tex/latex/base/omsenc.dfu
File: omsenc.dfu 2006/03/30 v1.1i UTF-8 support for inputenc
   defining Unicode char U+00A7 (decimal 167)
   defining Unicode char U+00B6 (decimal 182)
   defining Unicode char U+00B7 (decimal 183)
   defining Unicode char U+2020 (decimal 8224)
   defining Unicode char U+2021 (decimal 8225)
   defining Unicode char U+2022 (decimal 8226)
)
Now handling font encoding OMX ...
... no UTF-8 mapping file for font encoding OMX
Now handling font encoding U ...
... no UTF-8 mapping file for font encoding U
Now handling font encoding LGR ...
... no UTF-8 mapping file for font encoding LGR
Now handling font encoding TS1 ...
... processing UTF-8 mapping file for font encodingTS1

(/usr/share/texmf/tex/latex/base/ts1enc.dfu
File: ts1enc.dfu 2006/03/30 v1.1i UTF-8 support for inputenc
   defining Unicode char U+00A2 (decimal 162)
   defining Unicode char U+00A3 (decimal 163)
   defining Unicode char U+00A4 (decimal 164)
   defining Unicode char U+00A5 (decimal 165)
   defining Unicode char U+00A6 (decimal 166)
   defining Unicode char U+00A7 (decimal 167)
   defining Unicode char U+00A8 (decimal 168)
   defining Unicode char U+00A9 (decimal 169)
   defining Unicode char U+00AA (decimal 170)
   defining Unicode char U+00AC (decimal 172)
   defining Unicode char U+00AE (decimal 174)
   defining Unicode char U+00AF (decimal 175)
   defining Unicode char U+00B0 (decimal 176)
   defining Unicode char U+00B1 (decimal 177)
   defining Unicode char U+00B2 (decimal 178)
   defining Unicode char U+00B3 (decimal 179)
   defining Unicode char U+00B4 (decimal 180)
   defining Unicode char U+00B5 (decimal 181)
   defining Unicode char U+00B6 (decimal 182)
   defining Unicode char U+00B7 (decimal 183)
   defining Unicode char U+00B9 (decimal 185)
   defining Unicode char U+00BA (decimal 186)
   defining Unicode char U+00BC (decimal 188)
   defining Unicode char U+00BD (decimal 189)
   defining Unicode char U+00BE (decimal 190)
   defining Unicode char U+00D7 (decimal 215)
   defining Unicode char U+00F7 (decimal 247)
   defining Unicode char U+0192 (decimal 402)
   defining Unicode char U+02C7 (decimal 711)
   defining Unicode char U+02D8 (decimal 728)
   defining Unicode char U+02DD (decimal 733)
   defining Unicode char U+0E3F (decimal 3647)
   defining Unicode char U+2016 (decimal 8214)
   defining Unicode char U+2020 (decimal 8224)
   defining Unicode char U+2021 (decimal 8225)
   defining Unicode char U+2022 (decimal 8226)
   defining Unicode char U+2030 (decimal 8240)
   defining Unicode char U+2031 (decimal 8241)
   defining Unicode char U+203B (decimal 8251)
   defining Unicode char U+203D (decimal 8253)
   defining Unicode char U+2044 (decimal 8260)
   defining Unicode char U+204E (decimal 8270)
   defining Unicode char U+2052 (decimal 8274)
   defining Unicode char U+20A1 (decimal 8353)
   defining Unicode char U+20A4 (decimal 8356)
   defining Unicode char U+20A6 (decimal 8358)
   defining Unicode char U+20A9 (decimal 8361)
   defining Unicode char U+20AB (decimal 8363)
   defining Unicode char U+20AC (decimal 8364)
   defining Unicode char U+20B1 (decimal 8369)
   defining Unicode char U+2103 (decimal 8451)
   defining Unicode char U+2116 (decimal 8470)
   defining Unicode char U+2117 (decimal 8471)
   defining Unicode char U+211E (decimal 8478)
   defining Unicode char U+2120 (decimal 8480)
   defining Unicode char U+2122 (decimal 8482)
   defining Unicode char U+2126 (decimal 8486)
   defining Unicode char U+2127 (decimal 8487)
   defining Unicode char U+212E (decimal 8494)
   defining Unicode char U+2190 (decimal 8592)
   defining Unicode char U+2191 (decimal 8593)
   defining Unicode char U+2192 (decimal 8594)
   defining Unicode char U+2193 (decimal 8595)
   defining Unicode char U+2329 (decimal 9001)
   defining Unicode char U+232A (decimal 9002)
   defining Unicode char U+2422 (decimal 9250)
   defining Unicode char U+25E6 (decimal 9702)
   defining Unicode char U+25EF (decimal 9711)
   defining Unicode char U+266A (decimal 9834)
)
Now handling font encoding PD1 ...
... no UTF-8 mapping file for font encoding PD1
   defining Unicode char U+00A9 (decimal 169)
   defining Unicode char U+00AA (decimal 170)
   defining Unicode char U+00AE (decimal 174)
   defining Unicode char U+00BA (decimal 186)
   defining Unicode char U+02C6 (decimal 710)
   defining Unicode char U+02DC (decimal 732)
   defining Unicode char U+200C (decimal 8204)
   defining Unicode char U+2026 (decimal 8230)
   defining Unicode char U+2122 (decimal 8482)
   defining Unicode char U+2423 (decimal 9251)
))
(/usr/share/texmf/tex/latex/was/gensymb.sty
Package: gensymb 2003/07/02 v1.0 (WaS)
)
(/usr/share/texmf/tex/latex/amsfonts/amssymb.sty
Package: amssymb 2002/01/22 v2.2d

(/usr/share/texmf/tex/latex/amsfonts/amsfonts.sty
Package: amsfonts 2001/10/25 v2.2f
\@emptytoks=\toks24
\symAMSa=\mathgroup5
\symAMSb=\mathgroup6
LaTeX Font Info:    Overwriting math alphabet `\mathfrak' in version `bold'
(Font)                  U/euf/m/n --> U/euf/b/n on input line 132.
))
(/usr/share/texmf/tex/latex/amsmath/amsmath.sty
Package: amsmath 2000/07/18 v2.13 AMS math features
\@mathmargin=\skip113

For additional information on amsmath, use the `?' option.
(/usr/share/texmf/tex/latex/amsmath/amstext.sty
Package: amstext 2000/06/29 v2.01

(/usr/share/texmf/tex/latex/amsmath/amsgen.sty
File: amsgen.sty 1999/11/30 v2.0
\@emptytoks=\toks25
\ex@=\dimen146
))
(/usr/share/texmf/tex/latex/amsmath/amsbsy.sty
Package: amsbsy 1999/11/29 v1.2d
\pmbraise@=\dimen147
)
(/usr/share/texmf/tex/latex/amsmath/amsopn.sty
Package: amsopn 1999/12/14 v2.01 operator names
)
\inf@bad=\count124
LaTeX Info: Redefining \frac on input line 211.
\uproot@=\count125
\leftroot@=\count126
LaTeX Info: Redefining \overline on input line 307.
\classnum@=\count127
\DOTSCASE@=\count128
LaTeX Info: Redefining \ldots on input line 379.
LaTeX Info: Redefining \dots on input line 382.
LaTeX Info: Redefining \cdots on input line 467.
\Mathstrutbox@=\box30
\strutbox@=\box31
\big@size=\dimen148
LaTeX Font Info:    Redeclaring font encoding OML on input line 567.
LaTeX Font Info:    Redeclaring font encoding OMS on input line 568.
\macc@depth=\count129
\c@MaxMatrixCols=\count130
\dotsspace@=\muskip11
\c@parentequation=\count131
\dspbrk@lvl=\count132
\tag@help=\toks26
\row@=\count133
\column@=\count134
\maxfields@=\count135
\andhelp@=\toks27
\eqnshift@=\dimen149
\alignsep@=\dimen150
\tagshift@=\dimen151
\tagwidth@=\dimen152
\totwidth@=\dimen153
\lineht@=\dimen154
\@envbody=\toks28
\multlinegap=\skip114
\multlinetaggap=\skip115
\mathdisplay@stack=\toks29
LaTeX Info: Redefining \[ on input line 2666.
LaTeX Info: Redefining \] on input line 2667.
)
(/usr/share/texmf/tex/latex/multirow/multirow.sty
\bigstrutjot=\dimen155
) (./tesi.aux (./title.aux)
(./capitoli/ris_simbolica.aux) (./capitoli/elementi.aux)
(./capitoli/due_grafi.aux) (./capitoli/rapp_simbolica.aux)
(./capitoli/esempio.aux) (./capitoli/frameworks.aux)
(./capitoli/software_design.aux) (./capitoli/note.aux)
(./capitoli/conclusioni.aux) (./appendici/netlistmaker.aux)
(./appendici/qsapecng.aux) (./thanks.aux))
\openout1 = `tesi.aux'.

LaTeX Font Info:    Checking defaults for OML/cmm/m/it on input line 37.
LaTeX Font Info:    ... okay on input line 37.
LaTeX Font Info:    Checking defaults for T1/cmr/m/n on input line 37.
LaTeX Font Info:    ... okay on input line 37.
LaTeX Font Info:    Checking defaults for OT1/cmr/m/n on input line 37.
LaTeX Font Info:    ... okay on input line 37.
LaTeX Font Info:    Checking defaults for OMS/cmsy/m/n on input line 37.
LaTeX Font Info:    ... okay on input line 37.
LaTeX Font Info:    Checking defaults for OMX/cmex/m/n on input line 37.
LaTeX Font Info:    ... okay on input line 37.
LaTeX Font Info:    Checking defaults for U/cmr/m/n on input line 37.
LaTeX Font Info:    ... okay on input line 37.
LaTeX Font Info:    Checking defaults for LGR/cmr/m/n on input line 37.
LaTeX Font Info:    Try loading font information for LGR+cmr on input line 37.

(/usr/share/texmf/tex/generic/babel/lgrcmr.fd
File: lgrcmr.fd 2001/01/30 v2.2e Greek Computer Modern
)
LaTeX Font Info:    ... okay on input line 37.
LaTeX Font Info:    Checking defaults for TS1/cmr/m/n on input line 37.
LaTeX Font Info:    Try loading font information for TS1+cmr on input line 37.

(/usr/share/texmf/tex/latex/base/ts1cmr.fd
File: ts1cmr.fd 1999/05/25 v2.5h Standard LaTeX font definitions
)
LaTeX Font Info:    ... okay on input line 37.
LaTeX Font Info:    Checking defaults for PD1/pdf/m/n on input line 37.
LaTeX Font Info:    ... okay on input line 37.
LaTeX Font Info:    Try loading font information for T1+pplj on input line 37.

(/usr/share/texmf/tex/latex/psnfss/t1pplj.fd
File: t1pplj.fd 2004/09/06 font definitions for T1/pplj.
)
(/usr/share/texmf/tex/latex/ragged2e/ragged2e.sty
Package: ragged2e 2003/03/25 v2.04 ragged2e Package (MS)

(/usr/share/texmf/tex/latex/everysel/everysel.sty
Package: everysel 1999/06/08 v1.03 EverySelectfont Package (MS)
LaTeX Info: Redefining \selectfont on input line 125.
)
\CenteringLeftskip=\skip116
\RaggedLeftLeftskip=\skip117
\RaggedRightLeftskip=\skip118
\CenteringRightskip=\skip119
\RaggedLeftRightskip=\skip120
\RaggedRightRightskip=\skip121
\CenteringParfillskip=\skip122
\RaggedLeftParfillskip=\skip123
\RaggedRightParfillskip=\skip124
\JustifyingParfillskip=\skip125
\CenteringParindent=\skip126
\RaggedLeftParindent=\skip127
\RaggedRightParindent=\skip128
\JustifyingParindent=\skip129
)
Package caption Info: KOMA-Script class detected on input line 37.
Package caption Info: hyperref package v6.74m (or newer) detected on input line
 37.
Package caption Info: listings package v1.2 (or newer) detected on input line 3
7.
Package caption Info: subref 1.2 or 1.3 detected on input line 37.
LaTeX Info: Redefining \subref on input line 37.
Package hyperref Info: Link coloring OFF on input line 37.

(/usr/share/texmf/tex/latex/hyperref/nameref.sty
Package: nameref 2006/12/27 v2.28 Cross-referencing by name of section

(/usr/share/texmf/tex/latex/oberdiek/refcount.sty
Package: refcount 2006/02/20 v3.0 Data extraction from references (HO)
)
\c@section@level=\count136
)
LaTeX Info: Redefining \ref on input line 37.
LaTeX Info: Redefining \pageref on input line 37.
 (./tesi.out) (./tesi.out)
\@outlinefile=\write3
\openout3 = `tesi.out'.

Package microtype Info: Generating PDF output.
Package microtype Info: Character protrusion enabled (level 2).
Package microtype Info: Using default protrusion set `alltext'.
Package microtype Info: No font expansion.
Package microtype Info: No tracking.
Package microtype Info: No adjustment of interword spacing.
Package microtype Info: No adjustment of character kerning.

(/usr/share/texmf/tex/latex/microtype/mt-ppl.cfg
File: mt-ppl.cfg 2005/11/16 v1.6 microtype config. file: Palatino (RS)
)
\symgns@font=\mathgroup7
LaTeX Font Info:    Overwriting symbol font `gns@font' in version `bold'
(Font)                  TS1/pplj/m/n --> TS1/pplj/bx/n on input line 37.
Package gensymb Info: Math companion symbols declared on input line 37.
LaTeX Info: Redefining \degree on input line 37.
LaTeX Info: Redefining \celsius on input line 37.
Package gensymb Info: Using text companion symbols for \degree, \celsius and \p
erthousand on input line 37.
LaTeX Info: Redefining \ohm on input line 37.
Package gensymb Info: Using \textohm for \ohm on input line 37.
Package gensymb Info: Using \textmu for \micro on input line 37.
\openout2 = `title.aux'.

 (./title.tex
<immagini/salomone.pdf, id=143, 109.40875pt x 109.40875pt>
File: immagini/salomone.pdf Graphic file (type pdf)

<use immagini/salomone.pdf>
LaTeX Font Info:    Font shape `T1/pplj/bx/n' in size <14.4> not available
(Font)              Font shape `T1/pplj/b/n' tried instead on input line 13.
LaTeX Font Info:    Font shape `T1/pplj/bx/n' in size <20.74> not available
(Font)              Font shape `T1/pplj/b/n' tried instead on input line 14.

<immagini/qsapecng.pdf, id=144, 496.85625pt x 257.96375pt>
File: immagini/qsapecng.pdf Graphic file (type pdf)

<use immagini/qsapecng.pdf>
LaTeX Font Info:    Font shape `T1/pplj/bx/n' in size <10> not available
(Font)              Font shape `T1/pplj/b/n' tried instead on input line 21.
) [1


{/usr/share/texmf/fonts/map/pdftex/updmap/pdftex.map} <./immagini/salomone.pdf>
 <./immagini/qsapecng.pdf>] [2



]
LaTeX Font Info:    Try loading font information for U+zeur on input line 47.

(/usr/share/texmf/tex/latex/eulervm/uzeur.fd
File: uzeur.fd 2005/01/11 v4.0 (WaS)
)
(/usr/share/texmf/tex/latex/microtype/mt-eur.cfg
File: mt-eur.cfg 2006/07/31 v1.1 microtype config. file: AMS Euler Roman (RS)
)
LaTeX Font Info:    Try loading font information for U+zeus on input line 47.

(/usr/share/texmf/tex/latex/eulervm/uzeus.fd
File: uzeus.fd 2005/01/11 v4.0 (WaS)
)
(/usr/share/texmf/tex/latex/microtype/mt-eus.cfg
File: mt-eus.cfg 2006/07/28 v1.2 microtype config. file: AMS Euler Script (RS)
)
LaTeX Font Info:    Try loading font information for U+zeuex on input line 47.

(/usr/share/texmf/tex/latex/eulervm/uzeuex.fd
File: uzeuex.fd 2005/01/11 v4.0 (WaS)
)
LaTeX Font Info:    Try loading font information for OT1+zplm on input line 47.


(/usr/share/texmf/tex/latex/psnfss/ot1zplm.fd
File: ot1zplm.fd 2002/09/08 Fontinst v1.914 font definitions for OT1/zplm.
)
(/usr/share/texmf/tex/latex/microtype/mt-msa.cfg
File: mt-msa.cfg 2006/02/04 v1.1 microtype config. file: AMS symbols (a) (RS)
)
(/usr/share/texmf/tex/latex/microtype/mt-msb.cfg
File: mt-msb.cfg 2005/06/01 v1.0 microtype config. file: AMS symbols (b) (RS)
)
LaTeX Font Info:    Try loading font information for TS1+pplj on input line 47.


(/usr/share/texmf/tex/latex/psnfss/ts1pplj.fd
File: ts1pplj.fd 2004/09/06 font definitions for TS1/pplj.
) [3] [4


] (./tesi.toc
Package microtype Info: Character `029' is missing in font
(microtype)             `T1/pplj/m/sc/10'. Ignoring protrusion settings
(microtype)             for this character.
LaTeX Font Info:    Font shape `T1/pplj/bx/n' in size <12> not available
(Font)              Font shape `T1/pplj/b/n' tried instead on input line 3.
)
\tf@toc=\write4
\openout4 = `tesi.toc'.

 [5


]
[6


] [7


] [8] [9]
\openout2 = `capitoli/ris_simbolica.aux'.

 (./capitoli/ris_simbolica.tex [10



]
Capitolo 1.
<immagini/vdiv.pdf, id=232, 99.20262pt x 94.754pt>
File: immagini/vdiv.pdf Graphic file (type pdf)
 <use immagini/vdiv.pdf>
[11 <./immagini/vdiv.pdf

pdfTeX warning: /usr/bin/pdflatex (file ./immagini/vdiv.pdf): PDF inclusion: Pa
ge Group detected which pdfTeX can't handle. Ignoring it.
>] [12]

Package natbib Warning: Citation `Grimbleby' on page 13 undefined on input line
 37.


Package natbib Warning: Citation `MRT' on page 13 undefined on input line 37.


Package natbib Warning: Citation `Grimbleby' on page 13 undefined on input line
 43.

LaTeX Font Info:    Font shape `T1/pplj/m/sl' in size <10> not available
(Font)              Font shape `T1/pplj/m/it' tried instead on input line 43.
LaTeX Font Info:    Font shape `T1/pplj/m/sl' in size <8> not available
(Font)              Font shape `T1/pplj/m/it' tried instead on input line 43.

Package natbib Warning: Citation `MRT' on page 13 undefined on input line 43.


LaTeX Warning: Marginpar on page 13 moved.

[13]

Package natbib Warning: Citation `BGL' on page 14 undefined on input line 56.


Package natbib Warning: Citation `Qt' on page 14 undefined on input line 56.

[14]) [15] [16



] [17


] [18] [19]
\openout2 = `capitoli/elementi.aux'.

 (./capitoli/elementi.tex [20



]
Capitolo 2.

Package natbib Warning: Citation `Percival1' on page 21 undefined on input line
 19.


Package natbib Warning: Citation `Percival2' on page 21 undefined on input line
 19.


Package natbib Warning: Citation `Percival3' on page 21 undefined on input line
 19.


Package natbib Warning: Citation `Percival1' on page 21 undefined on input line
 19.


Package natbib Warning: Citation `Percival2' on page 21 undefined on input line
 19.


Package natbib Warning: Citation `Percival3' on page 21 undefined on input line
 20.

[21]

Package natbib Warning: Citation `Percival1' on page 22 undefined on input line
 22.


Package natbib Warning: Citation `Percival2' on page 22 undefined on input line
 22.


Package natbib Warning: Citation `Percival3' on page 22 undefined on input line
 22.

<immagini/resistor.pdf, id=296, 96.36pt x 23.38148pt>
File: immagini/resistor.pdf Graphic file (type pdf)

<use immagini/resistor.pdf>
<immagini/ijedge.pdf, id=297, 77.72444pt x 9.92944pt>
File: immagini/ijedge.pdf Graphic file (type pdf)

<use immagini/ijedge.pdf>
<immagini/jiedge.pdf, id=298, 77.72444pt x 9.93037pt>
File: immagini/jiedge.pdf Graphic file (type pdf)

<use immagini/jiedge.pdf>
<immagini/capacitor.pdf, id=299, 96.36pt x 36.1621pt>
File: immagini/capacitor.pdf Graphic file (type pdf)

<use immagini/capacitor.pdf>
File: immagini/ijedge.pdf Graphic file (type pdf)
 <use immagini/ijedge.pdf>
File: immagini/jiedge.pdf Graphic file (type pdf)

<use immagini/jiedge.pdf>
<immagini/inductor.pdf, id=300, 96.3603pt x 17.71918pt>
File: immagini/inductor.pdf Graphic file (type pdf)

<use immagini/inductor.pdf>
File: immagini/ijedge.pdf Graphic file (type pdf)
 <use immagini/ijedge.pdf>
File: immagini/jiedge.pdf Graphic file (type pdf)

<use immagini/jiedge.pdf> [22 <./immagini/resistor.pdf

pdfTeX warning: /usr/bin/pdflatex (file ./immagini/resistor.pdf): PDF inclusion
: Page Group detected which pdfTeX can't handle. Ignoring it.
> <./immagini/ijedge.pdf

pdfTeX warning: /usr/bin/pdflatex (file ./immagini/ijedge.pdf): PDF inclusion: 
Page Group detected which pdfTeX can't handle. Ignoring it.
> <./immagini/jiedge.pdf

pdfTeX warning: /usr/bin/pdflatex (file ./immagini/jiedge.pdf): PDF inclusion: 
Page Group detected which pdfTeX can't handle. Ignoring it.
> <./immagini/capacitor.pdf

pdfTeX warning: /usr/bin/pdflatex (file ./immagini/capacitor.pdf): PDF inclusio
n: Page Group detected which pdfTeX can't handle. Ignoring it.
> <./immagini/inductor.pdf

pdfTeX warning: /usr/bin/pdflatex (file ./immagini/inductor.pdf): PDF inclusion
: Page Group detected which pdfTeX can't handle. Ignoring it.
>] <immagini/nullator.pdf, id=347, 102.782pt x 22.53012pt>
File: immagini/nullator.pdf Graphic file (type pdf)

<use immagini/nullator.pdf>
<immagini/norator.pdf, id=348, 102.782pt x 22.53098pt>
File: immagini/norator.pdf Graphic file (type pdf)

<use immagini/norator.pdf>
<immagini/nullor.pdf, id=349, 94.19492pt x 45.53928pt>
File: immagini/nullor.pdf Graphic file (type pdf)

<use immagini/nullor.pdf>

Package natbib Warning: Citation `Wikipedia' on page 23 undefined on input line
 60.


Package natbib Warning: Citation `Wikipedia' on page 23 undefined on input line
 64.

[23 <./immagini/nullator.pdf

pdfTeX warning: /usr/bin/pdflatex (file ./immagini/nullator.pdf): PDF inclusion
: Page Group detected which pdfTeX can't handle. Ignoring it.
> <./immagini/norator.pdf

pdfTeX warning: /usr/bin/pdflatex (file ./immagini/norator.pdf): PDF inclusion:
 Page Group detected which pdfTeX can't handle. Ignoring it.
> <./immagini/nullor.pdf

pdfTeX warning: /usr/bin/pdflatex (file ./immagini/nullor.pdf): PDF inclusion: 
Page Group detected which pdfTeX can't handle. Ignoring it.
>] <immagini/opampl.pdf, id=374, 94.3525pt x 48.18pt>
File: immagini/opampl.pdf Graphic file (type pdf)

<use immagini/opampl.pdf>
<immagini/nullorgi.pdf, id=375, 43.7444pt x 49.7534pt>
File: immagini/nullorgi.pdf Graphic file (type pdf)

<use immagini/nullorgi.pdf>
<immagini/nullorgv.pdf, id=376, 39.13861pt x 49.74974pt>
File: immagini/nullorgv.pdf Graphic file (type pdf)

<use immagini/nullorgv.pdf>
<immagini/vccs.pdf, id=381, 80.2448pt x 48.18048pt>
File: immagini/vccs.pdf Graphic file (type pdf)
 <use immagini/vccs.pdf>
<immagini/vccsgi.pdf, id=382, 48.18312pt x 46.47313pt>
File: immagini/vccsgi.pdf Graphic file (type pdf)

<use immagini/vccsgi.pdf>
<immagini/vccsgv.pdf, id=383, 48.18309pt x 46.47313pt>
File: immagini/vccsgv.pdf Graphic file (type pdf)

<use immagini/vccsgv.pdf> [24 <./immagini/opampl.pdf

pdfTeX warning: /usr/bin/pdflatex (file ./immagini/opampl.pdf): PDF inclusion: 
Page Group detected which pdfTeX can't handle. Ignoring it.
> <./immagini/nullorgi.pdf

pdfTeX warning: /usr/bin/pdflatex (file ./immagini/nullorgi.pdf): PDF inclusion
: Page Group detected which pdfTeX can't handle. Ignoring it.
> <./immagini/nullorgv.pdf

pdfTeX warning: /usr/bin/pdflatex (file ./immagini/nullorgv.pdf): PDF inclusion
: Page Group detected which pdfTeX can't handle. Ignoring it.
>] <immagini/ccvs.pdf, id=421, 80.2448pt x 48.16365pt>
File: immagini/ccvs.pdf Graphic file (type pdf)
 <use immagini/ccvs.pdf>
<immagini/ccvseq.pdf, id=422, 179.48419pt x 74.55797pt>
File: immagini/ccvseq.pdf Graphic file (type pdf)

<use immagini/ccvseq.pdf> <immagini/vcvs.pdf, id=426, 80.2448pt x 48.18048pt>
File: immagini/vcvs.pdf Graphic file (type pdf)

<use immagini/vcvs.pdf> <immagini/vcvseq.pdf, id=427, 293.1532pt x 74.55826pt>
File: immagini/vcvseq.pdf Graphic file (type pdf)

<use immagini/vcvseq.pdf> [25 <./immagini/vccs.pdf

pdfTeX warning: /usr/bin/pdflatex (file ./immagini/vccs.pdf): PDF inclusion: Pa
ge Group detected which pdfTeX can't handle. Ignoring it.
> <./immagini/vccsgi.pdf

pdfTeX warning: /usr/bin/pdflatex (file ./immagini/vccsgi.pdf): PDF inclusion: 
Page Group detected which pdfTeX can't handle. Ignoring it.
> <./immagini/vccsgv.pdf

pdfTeX warning: /usr/bin/pdflatex (file ./immagini/vccsgv.pdf): PDF inclusion: 
Page Group detected which pdfTeX can't handle. Ignoring it.
> <./immagini/ccvs.pdf

pdfTeX warning: /usr/bin/pdflatex (file ./immagini/ccvs.pdf): PDF inclusion: Pa
ge Group detected which pdfTeX can't handle. Ignoring it.
> <./immagini/ccvseq.pdf

pdfTeX warning: /usr/bin/pdflatex (file ./immagini/ccvseq.pdf): PDF inclusion: 
Page Group detected which pdfTeX can't handle. Ignoring it.
>] <immagini/cccs.pdf, id=480, 80.2448pt x 48.18048pt>
File: immagini/cccs.pdf Graphic file (type pdf)
 <use immagini/cccs.pdf>
<immagini/cccseq.pdf, id=481, 254.83162pt x 74.55797pt>
File: immagini/cccseq.pdf Graphic file (type pdf)

<use immagini/cccseq.pdf> [26 <./immagini/vcvs.pdf

pdfTeX warning: /usr/bin/pdflatex (file ./immagini/vcvs.pdf): PDF inclusion: Pa
ge Group detected which pdfTeX can't handle. Ignoring it.
> <./immagini/vcvseq.pdf

pdfTeX warning: /usr/bin/pdflatex (file ./immagini/vcvseq.pdf): PDF inclusion: 
Page Group detected which pdfTeX can't handle. Ignoring it.
> <./immagini/cccs.pdf

pdfTeX warning: /usr/bin/pdflatex (file ./immagini/cccs.pdf): PDF inclusion: Pa
ge Group detected which pdfTeX can't handle. Ignoring it.
> <./immagini/cccseq.pdf

pdfTeX warning: /usr/bin/pdflatex (file ./immagini/cccseq.pdf): PDF inclusion: 
Page Group detected which pdfTeX can't handle. Ignoring it.
>] <immagini/voltage.pdf, id=526, 96.36pt x 41.0052pt>
File: immagini/voltage.pdf Graphic file (type pdf)

<use immagini/voltage.pdf> <immagini/current.pdf, id=527, 96.36pt x 41.0052pt>
File: immagini/current.pdf Graphic file (type pdf)

<use immagini/current.pdf> [27 <./immagini/voltage.pdf

pdfTeX warning: /usr/bin/pdflatex (file ./immagini/voltage.pdf): PDF inclusion:
 Page Group detected which pdfTeX can't handle. Ignoring it.
> <./immagini/current.pdf

pdfTeX warning: /usr/bin/pdflatex (file ./immagini/current.pdf): PDF inclusion:
 Page Group detected which pdfTeX can't handle. Ignoring it.
>] <immagini/transformer.pdf, id=554, 120.44731pt x 66.19212pt>
File: immagini/transformer.pdf Graphic file (type pdf)

<use immagini/transformer.pdf>
<immagini/transformereq.pdf, id=555, 122.0522pt x 69.72354pt>
File: immagini/transformereq.pdf Graphic file (type pdf)

<use immagini/transformereq.pdf>
<immagini/mutualinductance.pdf, id=557, 120.4463pt x 70.4672pt>
File: immagini/mutualinductance.pdf Graphic file (type pdf)

<use immagini/mutualinductance.pdf>
<immagini/mutualinductanceeq.pdf, id=558, 352.42969pt x 233.36987pt>
File: immagini/mutualinductanceeq.pdf Graphic file (type pdf)

<use immagini/mutualinductanceeq.pdf> [28 <./immagini/transformer.pdf

pdfTeX warning: /usr/bin/pdflatex (file ./immagini/transformer.pdf): PDF inclus
ion: Page Group detected which pdfTeX can't handle. Ignoring it.
> <./immagini/transformereq.pdf

pdfTeX warning: /usr/bin/pdflatex (file ./immagini/transformereq.pdf): PDF incl
usion: Page Group detected which pdfTeX can't handle. Ignoring it.
>]) [29 <./immagini/mutualinductance.pdf

pdfTeX warning: /usr/bin/pdflatex (file ./immagini/mutualinductance.pdf): PDF i
nclusion: Page Group detected which pdfTeX can't handle. Ignoring it.
> <./immagini/mutualinductanceeq.pdf

pdfTeX warning: /usr/bin/pdflatex (file ./immagini/mutualinductanceeq.pdf): PDF
 inclusion: Page Group detected which pdfTeX can't handle. Ignoring it.
>]
\openout2 = `capitoli/due_grafi.aux'.

 (./capitoli/due_grafi.tex [30




]
Capitolo 3.
[31] <immagini/gi.pdf, id=617, 294.87038pt x 179.06647pt>
File: immagini/gi.pdf Graphic file (type pdf)

<use immagini/gi.pdf> <immagini/gv.pdf, id=618, 261.77798pt x 215.204pt>
File: immagini/gv.pdf Graphic file (type pdf)

<use immagini/gv.pdf>

Package natbib Warning: Citation `Grimbleby' on page 32 undefined on input line
 47.

[32 <./immagini/gi.pdf

pdfTeX warning: /usr/bin/pdflatex (file ./immagini/gi.pdf): PDF inclusion: Page
 Group detected which pdfTeX can't handle. Ignoring it.
> <./immagini/gv.pdf

pdfTeX warning: /usr/bin/pdflatex (file ./immagini/gv.pdf): PDF inclusion: Page
 Group detected which pdfTeX can't handle. Ignoring it.
>]

Package natbib Warning: Citation `GraphTheory' on page 33 undefined on input li
ne 50.

LaTeX Font Info:    Font shape `T1/pplj/bx/it' in size <10> not available
(Font)              Font shape `T1/pplj/b/it' tried instead on input line 64.
[33]

Package natbib Warning: Citation `Grimbleby' on page 34 undefined on input line
 73.

[34]

Package natbib Warning: Citation `Schach' on page 35 undefined on input line 10
1.


Package natbib Warning: Citation `MRT' on page 35 undefined on input line 106.


Package natbib Warning: Citation `GraphTheory' on page 35 undefined on input li
ne 106.


Package natbib Warning: Citation `Minty' on page 35 undefined on input line 106
.


Package natbib Warning: Citation `ReadTarjan' on page 35 undefined on input lin
e 106.

[35]
LaTeX Font Info:    Font shape `T1/pplj/bx/n' in size <9> not available
(Font)              Font shape `T1/pplj/b/n' tried instead on input line 124.


Package natbib Warning: Citation `MRT' on page 36 undefined on input line 166.

[36] [37]) [38]
\openout2 = `capitoli/rapp_simbolica.aux'.

 (./capitoli/rapp_simbolica.tex
Capitolo 4.
[39




]
LaTeX Font Info:    Font shape `TS1/pplj/bx/n' in size <10> not available
(Font)              Font shape `TS1/pplj/b/n' tried instead on input line 47.
LaTeX Font Info:    Font shape `TS1/pplj/bx/n' in size <7.6> not available
(Font)              Font shape `TS1/pplj/b/n' tried instead on input line 47.
LaTeX Font Info:    Font shape `TS1/pplj/bx/n' in size <6> not available
(Font)              Font shape `TS1/pplj/b/n' tried instead on input line 47.
 [40] <immagini/circbase.pdf, id=717, 94.50455pt x 81.8528pt>
File: immagini/circbase.pdf Graphic file (type pdf)

<use immagini/circbase.pdf>
<immagini/circmod.pdf, id=718, 172.35971pt x 81.86469pt>
File: immagini/circmod.pdf Graphic file (type pdf)

<use immagini/circmod.pdf> [41]) [42 <./immagini/circbase.pdf

pdfTeX warning: /usr/bin/pdflatex (file ./immagini/circbase.pdf): PDF inclusion
: Page Group detected which pdfTeX can't handle. Ignoring it.
> <./immagini/circmod.pdf

pdfTeX warning: /usr/bin/pdflatex (file ./immagini/circmod.pdf): PDF inclusion:
 Page Group detected which pdfTeX can't handle. Ignoring it.
>]
\openout2 = `capitoli/esempio.aux'.

 (./capitoli/esempio.tex
Capitolo 5.
<immagini/resol.pdf, id=751, 99.20262pt x 94.754pt>
File: immagini/resol.pdf Graphic file (type pdf)
 <use immagini/resol.pdf>
<immagini/resoldip.pdf, id=752, 142.83061pt x 94.754pt>
File: immagini/resoldip.pdf Graphic file (type pdf)

<use immagini/resoldip.pdf>
<immagini/resoleq.pdf, id=753, 274.507pt x 94.758pt>
File: immagini/resoleq.pdf Graphic file (type pdf)

<use immagini/resoleq.pdf>
<immagini/resolmod.pdf, id=754, 333.40057pt x 94.758pt>
File: immagini/resolmod.pdf Graphic file (type pdf)

<use immagini/resolmod.pdf>
<immagini/resolgs.pdf, id=755, 292.9906pt x 110.99612pt>
File: immagini/resolgs.pdf Graphic file (type pdf)

<use immagini/resolgs.pdf> [43




] [44 <./immagini/resol.pdf

pdfTeX warning: /usr/bin/pdflatex (file ./immagini/resol.pdf): PDF inclusion: P
age Group detected which pdfTeX can't handle. Ignoring it.
> <./immagini/resoldip.pdf

pdfTeX warning: /usr/bin/pdflatex (file ./immagini/resoldip.pdf): PDF inclusion
: Page Group detected which pdfTeX can't handle. Ignoring it.
> <./immagini/resoleq.pdf

pdfTeX warning: /usr/bin/pdflatex (file ./immagini/resoleq.pdf): PDF inclusion:
 Page Group detected which pdfTeX can't handle. Ignoring it.
> <./immagini/resolmod.pdf

pdfTeX warning: /usr/bin/pdflatex (file ./immagini/resolmod.pdf): PDF inclusion
: Page Group detected which pdfTeX can't handle. Ignoring it.
> <./immagini/resolgs.pdf

pdfTeX warning: /usr/bin/pdflatex (file ./immagini/resolgs.pdf): PDF inclusion:
 Page Group detected which pdfTeX can't handle. Ignoring it.
>] [45]) [46] [47





] [48] [49]
\openout2 = `capitoli/frameworks.aux'.

 (./capitoli/frameworks.tex [50



]
Capitolo 6.

Package natbib Warning: Citation `Boost' on page 51 undefined on input line 7.


Package natbib Warning: Citation `Qt' on page 51 undefined on input line 8.


Package natbib Warning: Citation `CppCodStd' on page 51 undefined on input line
 15.


Package natbib Warning: Citation `EffectiveCpp' on page 51 undefined on input l
ine 20.


Package natbib Warning: Citation `Stroustrup' on page 51 undefined on input lin
e 25.

[51]

Package natbib Warning: Citation `StroustrupCpp' on page 52 undefined on input 
line 41.


Package natbib Warning: Citation `BGL' on page 52 undefined on input line 54.


Package natbib Warning: Citation `STL' on page 52 undefined on input line 55.

[52] <immagini/qtschema.pdf, id=856, 365.8594pt x 514.60782pt>
File: immagini/qtschema.pdf Graphic file (type pdf)

<use immagini/qtschema.pdf>

Package natbib Warning: Citation `Qt' on page 53 undefined on input line 74.

) [53] [54 <./immagini/qtschema.pdf

pdfTeX warning: /usr/bin/pdflatex (file ./immagini/qtschema.pdf): PDF inclusion
: Page Group detected which pdfTeX can't handle. Ignoring it.
>] [55]
\openout2 = `capitoli/software_design.aux'.

 (./capitoli/software_design.tex [56




]
Capitolo 7.
[57] (/usr/share/texmf/tex/latex/listings/lstlang1.sty
File: lstlang1.sty 2004/09/05 1.3 listings language file
)
(/usr/share/texmf/tex/latex/listings/lstlang1.sty
File: lstlang1.sty 2004/09/05 1.3 listings language file
)
(/usr/share/texmf/tex/latex/listings/lstmisc.sty
File: lstmisc.sty 2004/09/07 1.3 (Carsten Heinz)
) [58] [59]
<immagini/facade.pdf, id=935, 370.18298pt x 269.005pt>
File: immagini/facade.pdf Graphic file (type pdf)

<use immagini/facade.pdf> [60 <./immagini/facade.pdf

pdfTeX warning: /usr/bin/pdflatex (file ./immagini/facade.pdf): PDF inclusion: 
Page Group detected which pdfTeX can't handle. Ignoring it.
>]

Package natbib Warning: Citation `STL' on page 61 undefined on input line 105.

[61] [62] <immagini/observer.pdf, id=981, 370.18298pt x 220.022pt>
File: immagini/observer.pdf Graphic file (type pdf)

<use immagini/observer.pdf> [63 <./immagini/observer.pdf

pdfTeX warning: /usr/bin/pdflatex (file ./immagini/observer.pdf): PDF inclusion
: Page Group detected which pdfTeX can't handle. Ignoring it.
>] [64] [65] [66] <immagini/builder.pdf, id=1108, 277.035pt x 255.35399pt>
File: immagini/builder.pdf Graphic file (type pdf)

<use immagini/builder.pdf> [67 <./immagini/builder.pdf

pdfTeX warning: /usr/bin/pdflatex (file ./immagini/builder.pdf): PDF inclusion:
 Page Group detected which pdfTeX can't handle. Ignoring it.
>] <immagini/factorymethod.pdf, id=1120, 220.022pt x 194.32599pt>
File: immagini/factorymethod.pdf Graphic file (type pdf)

<use immagini/factorymethod.pdf> [68] [69] [70]) [71 <./immagini/factorymethod.
pdf

pdfTeX warning: /usr/bin/pdflatex (file ./immagini/factorymethod.pdf): PDF incl
usion: Page Group detected which pdfTeX can't handle. Ignoring it.
>]
\openout2 = `capitoli/note.aux'.

 (./capitoli/note.tex [72




]
Capitolo 8.
<immagini/qsapecngschema.pdf, id=1247, 497.86pt x 287.0725pt>
File: immagini/qsapecngschema.pdf Graphic file (type pdf)

<use immagini/qsapecngschema.pdf> [73 <./immagini/qsapecngschema.pdf>] [74])
[75] [76



] [77


] [78]
Package microtype Info: Character `029' is missing in font
(microtype)             `T1/pplj/m/sc/8'. Ignoring protrusion settings
(microtype)             for this character.
 [79]
\openout2 = `capitoli/conclusioni.aux'.

 (./capitoli/conclusioni.tex [80



]
Capitolo 9.
[81]
LaTeX Font Info:    Try loading font information for T1+cmtt on input line 25.
 (/usr/share/texmf/tex/latex/base/t1cmtt.fd
File: t1cmtt.fd 1999/05/25 v2.5h Standard LaTeX font definitions
)) [82] [83





] [84]
\openout2 = `appendici/netlistmaker.aux'.


(./appendici/netlistmaker.tex
Appendice A.

Package natbib Warning: Citation `sapwin' on page 85 undefined on input line 5.


[85



] <immagini/design.pdf, id=1323, 577.40718pt x 390.18729pt>
File: immagini/design.pdf Graphic file (type pdf)

<use immagini/design.pdf> [86 <./immagini/design.pdf

pdfTeX warning: /usr/bin/pdflatex (file ./immagini/design.pdf): PDF inclusion: 
Page Group detected which pdfTeX can't handle. Ignoring it.
>] [87] <immagini/vdiv_schema.pdf, id=1398, 123.95567pt x 103.02336pt>
File: immagini/vdiv_schema.pdf Graphic file (type pdf)

<use immagini/vdiv_schema.pdf> [88 <./immagini/vdiv_schema.pdf

pdfTeX warning: /usr/bin/pdflatex (file ./immagini/vdiv_schema.pdf): PDF inclus
ion: Page Group detected which pdfTeX can't handle. Ignoring it.
>] [89]

Package natbib Warning: Citation `ampl' on page 90 undefined on input line 174.



Package natbib Warning: Citation `couenne' on page 90 undefined on input line 2
12.


Package natbib Warning: Citation `neos' on page 90 undefined on input line 212.



Package natbib Warning: Citation `neosserver' on page 90 undefined on input lin
e 212.

<immagini/voltage_divider.pdf, id=1464, 577.40718pt x 131.37634pt>
File: immagini/voltage_divider.pdf Graphic file (type pdf)

<use immagini/voltage_divider.pdf> [90 <./immagini/voltage_divider.pdf

pdfTeX warning: /usr/bin/pdflatex (file ./immagini/voltage_divider.pdf): PDF in
clusion: Page Group detected which pdfTeX can't handle. Ignoring it.
>] [91] <immagini/rlc.pdf, id=1656, 577.40718pt x 491.77477pt>
File: immagini/rlc.pdf Graphic file (type pdf)

<use immagini/rlc.pdf> [92 <./immagini/rlc.pdf

pdfTeX warning: /usr/bin/pdflatex (file ./immagini/rlc.pdf): PDF inclusion: Pag
e Group detected which pdfTeX can't handle. Ignoring it.
>] <immagini/amplinv.pdf, id=1857, 577.40718pt x 596.93712pt>
File: immagini/amplinv.pdf Graphic file (type pdf)

<use immagini/amplinv.pdf>
<immagini/ao.pdf, id=1859, 577.40718pt x 373.40952pt>
File: immagini/ao.pdf Graphic file (type pdf)
 <use immagini/ao.pdf>
[93 <./immagini/amplinv.pdf

pdfTeX warning: /usr/bin/pdflatex (file ./immagini/amplinv.pdf): PDF inclusion:
 Page Group detected which pdfTeX can't handle. Ignoring it.
>]) [94 <./immagini/ao.pdf

pdfTeX warning: /usr/bin/pdflatex (file ./immagini/ao.pdf): PDF inclusion: Page
 Group detected which pdfTeX can't handle. Ignoring it.
>]
\openout2 = `appendici/qsapecng.aux'.

 (./appendici/qsapecng.tex
Appendice B.
<immagini/ss1.pdf, id=2349, 963.47955pt x 602.17471pt>
File: immagini/ss1.pdf Graphic file (type pdf)
 <use immagini/ss1.pdf>
<immagini/ss2.pdf, id=2351, 963.47955pt x 602.17471pt>
File: immagini/ss2.pdf Graphic file (type pdf)
 <use immagini/ss2.pdf>
<immagini/ss3.pdf, id=2352, 963.47955pt x 602.17471pt>
File: immagini/ss3.pdf Graphic file (type pdf)
 <use immagini/ss3.pdf>
[95




] <immagini/ss4.pdf, id=2362, 963.47955pt x 602.17471pt>
File: immagini/ss4.pdf Graphic file (type pdf)

<use immagini/ss4.pdf> <immagini/ss5.pdf, id=2364, 963.47955pt x 602.17471pt>
File: immagini/ss5.pdf Graphic file (type pdf)

<use immagini/ss5.pdf>) [96] [97 <./immagini/ss1.pdf>] [98 <./immagini/ss2.pdf>
] [99 <./immagini/ss3.pdf>] [100 <./immagini/ss4.pdf>] [101 <./immagini/ss5.pdf
>] [102



] [103


] [104]
No file tesi.bbl.
[105




] [106] [107]
\openout2 = `thanks.aux'.

 (./thanks.tex) [108

]

Package natbib Warning: There were undefined citations.

(./tesi.aux (./title.aux) (./capitoli/ris_simbolica.aux)
(./capitoli/elementi.aux) (./capitoli/due_grafi.aux)
(./capitoli/rapp_simbolica.aux) (./capitoli/esempio.aux)
(./capitoli/frameworks.aux) (./capitoli/software_design.aux)
(./capitoli/note.aux) (./capitoli/conclusioni.aux)
(./appendici/netlistmaker.aux) (./appendici/qsapecng.aux) (./thanks.aux)) ) 
Here is how much of TeX's memory you used:
 13488 strings out of 256216
 189582 string characters out of 1917072
 457643 words of memory out of 1500000
 15690 multiletter control sequences out of 10000+200000
 110193 words of font info for 189 fonts, out of 1200000 for 2000
 651 hyphenation exceptions out of 8191
 45i,17n,62p,2062b,1395s stack positions out of 5000i,500n,6000p,200000b,15000s
 </h
ome/skypjack/.texlive2007/texmf-var/fonts/pk/ljfour/jknappen/ec/ectt0900.600pk>
 </home/skypjack/.texlive2007/texmf-var/fonts/pk/ljfour/jknappen/ec/ectt1000.60
0pk>{/usr/share/texmf/fonts/enc/dvips/base/8r.enc}</usr/share/texmf/fonts/type1
/bluesky/ams/cmbsy7.pfb></usr/share/texmf/fonts/type1/bluesky/cm/cmex10.pfb></u
sr/share/texmf/fonts/type1/bluesky/cm/cmsy10.pfb></usr/share/texmf/fonts/type1/
bluesky/cm/cmsy7.pfb></usr/share/texmf/fonts/type1/bluesky/ams/euex10.pfb></usr
/share/texmf/fonts/type1/bluesky/ams/eufm10.pfb></usr/share/texmf/fonts/type1/b
luesky/ams/eufm7.pfb></usr/share/texmf/fonts/type1/bluesky/ams/eurb10.pfb></usr
/share/texmf/fonts/type1/bluesky/ams/eurb7.pfb></usr/share/texmf/fonts/type1/bl
uesky/ams/eurm10.pfb></usr/share/texmf/fonts/type1/bluesky/ams/eurm7.pfb></usr/
share/texmf/fonts/type1/bluesky/ams/eusm10.pfb></usr/share/texmf/fonts/type1/pu
blic/mathpazo/fplmr.pfb></usr/share/texmf/fonts/type1/public/fpl/fplrc8a.pfb></
usr/share/texmf/fonts/type1/public/fpl/fplrij8a.pfb></usr/share/texmf/fonts/typ
e1/bluesky/ams/msam10.pfb></usr/share/texmf/fonts/type1/urw/palatino/uplb8a.pfb
></usr/share/texmf/fonts/type1/urw/palatino/uplbi8a.pfb></usr/share/texmf/fonts
/type1/urw/palatino/uplr8a.pfb></usr/share/texmf/fonts/type1/urw/palatino/uplri
8a.pfb>
Output written on tesi.pdf (108 pages, 3038672 bytes).
PDF statistics:
 2722 PDF objects out of 2984 (max. 8388607)
 578 named destinations out of 1000 (max. 131072)
 28212 words of extra memory for PDF output out of 29859 (max. 10000000)

