\BOOKMARK [-1][-]{part.1}{Introduzione}{}
\BOOKMARK [0][-]{chapter.1}{Metodi di Risoluzione Simbolica}{part.1}
\BOOKMARK [1][-]{section.1.1}{Motivazioni}{chapter.1}
\BOOKMARK [1][-]{section.1.2}{Cenni storici}{chapter.1}
\BOOKMARK [1][-]{section.1.3}{Da Sapec a QSapecNG, attraverso SapWin}{chapter.1}
\BOOKMARK [1][-]{section.1.4}{Scopo del lavoro di tesi}{chapter.1}
\BOOKMARK [-1][-]{part.2}{Dalla Teoria\203}{}
\BOOKMARK [0][-]{chapter.2}{Elementi circuitali e grafi I/V}{part.2}
\BOOKMARK [0][-]{chapter.3}{Metodo dei due grafi}{part.2}
\BOOKMARK [1][-]{section.3.1}{Teoria}{chapter.3}
\BOOKMARK [1][-]{section.3.2}{Il metodo di Grimbleby}{chapter.3}
\BOOKMARK [1][-]{section.3.3}{Il metodo di Schach}{chapter.3}
\BOOKMARK [0][-]{chapter.4}{Rappresentazione simbolica}{part.2}
\BOOKMARK [0][-]{chapter.5}{Esempio: divisore di tensione}{part.2}
\BOOKMARK [-1][-]{part.3}{\203alla Pratica}{}
\BOOKMARK [0][-]{chapter.6}{Framework}{part.3}
\BOOKMARK [1][-]{section.6.1}{Boost C++ Libraries}{chapter.6}
\BOOKMARK [1][-]{section.6.2}{Qt}{chapter.6}
\BOOKMARK [0][-]{chapter.7}{Software Design}{part.3}
\BOOKMARK [1][-]{section.7.1}{MRT: Tecniche di Programmazione Generica}{chapter.7}
\BOOKMARK [1][-]{section.7.2}{Qt e il modello signal/slot}{chapter.7}
\BOOKMARK [1][-]{section.7.3}{Design Patterns}{chapter.7}
\BOOKMARK [0][-]{chapter.8}{Note di Programmazione}{part.3}
\BOOKMARK [1][-]{section.8.1}{Separazione backend/frontend}{chapter.8}
\BOOKMARK [1][-]{section.8.2}{SUPER: Scalabile, Usabile, Portabile, Evolvibile, Riusabile}{chapter.8}
\BOOKMARK [-1][-]{part.4}{Conclusioni}{}
\BOOKMARK [0][-]{chapter.9}{Conclusioni}{part.4}
\BOOKMARK [1][-]{section.9.1}{Sviluppi futuri}{chapter.9}
\BOOKMARK [1][-]{section.9.2}{Il software QSapecNG}{chapter.9}
\BOOKMARK [-1][-]{part.5}{Appendici}{}
\BOOKMARK [0][-]{appendix.A}{Generazione schema da netlist}{part.5}
\BOOKMARK [0][-]{appendix.B}{Il software QSapecNG}{part.5}
\BOOKMARK [-1][-]{part.6}{Bibliografia}{}
\BOOKMARK [-1][-]{part.7}{Ringraziamenti}{}
